[2023-11-06T10:46:02.427+0100] {taskinstance.py:1157} INFO - Dependencies all met for dep_context=non-requeueable deps ti=<TaskInstance: cleaning_and_training_model1.Scraping_url scheduled__2023-09-29T00:00:00+00:00 [queued]>
[2023-11-06T10:46:02.436+0100] {taskinstance.py:1157} INFO - Dependencies all met for dep_context=requeueable deps ti=<TaskInstance: cleaning_and_training_model1.Scraping_url scheduled__2023-09-29T00:00:00+00:00 [queued]>
[2023-11-06T10:46:02.437+0100] {taskinstance.py:1359} INFO - Starting attempt 1 of 4
[2023-11-06T10:46:02.569+0100] {taskinstance.py:1380} INFO - Executing <Task(PythonOperator): Scraping_url> on 2023-09-29 00:00:00+00:00
[2023-11-06T10:46:02.577+0100] {standard_task_runner.py:57} INFO - Started process 81433 to run task
[2023-11-06T10:46:02.584+0100] {standard_task_runner.py:84} INFO - Running: ['airflow', 'tasks', 'run', 'cleaning_and_training_model1', 'Scraping_url', 'scheduled__2023-09-29T00:00:00+00:00', '--job-id', '46', '--raw', '--subdir', 'DAGS_FOLDER/main.py', '--cfg-path', '/tmp/tmp0wjx0edy']
[2023-11-06T10:46:02.586+0100] {standard_task_runner.py:85} INFO - Job 46: Subtask Scraping_url
[2023-11-06T10:46:02.851+0100] {task_command.py:415} INFO - Running <TaskInstance: cleaning_and_training_model1.Scraping_url scheduled__2023-09-29T00:00:00+00:00 [running]> on host DESKTOP-OEHM1R6.
[2023-11-06T10:46:03.171+0100] {taskinstance.py:1660} INFO - Exporting env vars: AIRFLOW_CTX_DAG_OWNER='mythili' AIRFLOW_CTX_DAG_ID='cleaning_and_training_model1' AIRFLOW_CTX_TASK_ID='Scraping_url' AIRFLOW_CTX_EXECUTION_DATE='2023-09-29T00:00:00+00:00' AIRFLOW_CTX_TRY_NUMBER='1' AIRFLOW_CTX_DAG_RUN_ID='scheduled__2023-09-29T00:00:00+00:00'
[2023-11-06T10:46:06.176+0100] {logging_mixin.py:151} INFO - https://www.immoweb.be/en/search/apartment/for-sale?countries=BE&orderBy=newest&page=1
[2023-11-06T10:46:07.245+0100] {logging_mixin.py:151} INFO - list length:  30
[2023-11-06T10:46:10.249+0100] {logging_mixin.py:151} INFO - https://www.immoweb.be/en/search/apartment/for-sale?countries=BE&orderBy=newest&page=2
[2023-11-06T10:46:11.791+0100] {logging_mixin.py:151} INFO - list length:  60
[2023-11-06T10:46:14.795+0100] {logging_mixin.py:151} INFO - https://www.immoweb.be/en/search/house/for-sale?countries=BE&orderBy=newest&page=1
[2023-11-06T10:46:15.848+0100] {logging_mixin.py:151} INFO - list length:  90
[2023-11-06T10:46:18.852+0100] {logging_mixin.py:151} INFO - https://www.immoweb.be/en/search/house/for-sale?countries=BE&orderBy=newest&page=2
[2023-11-06T10:46:19.795+0100] {logging_mixin.py:151} INFO - list length:  120
[2023-11-06T10:46:19.804+0100] {python.py:194} INFO - Done. Returned value was: None
[2023-11-06T10:46:19.809+0100] {taskinstance.py:1398} INFO - Marking task as SUCCESS. dag_id=cleaning_and_training_model1, task_id=Scraping_url, execution_date=20230929T000000, start_date=20231106T094602, end_date=20231106T094619
[2023-11-06T10:46:20.113+0100] {local_task_job_runner.py:228} INFO - Task exited with return code 0
[2023-11-06T10:46:20.147+0100] {taskinstance.py:2776} INFO - 1 downstream tasks scheduled from follow-on schedule check
