[2023-11-06T10:54:21.053+0100] {taskinstance.py:1157} INFO - Dependencies all met for dep_context=non-requeueable deps ti=<TaskInstance: cleaning_and_training_model1.scrape_data scheduled__2023-10-01T00:00:00+00:00 [queued]>
[2023-11-06T10:54:21.064+0100] {taskinstance.py:1157} INFO - Dependencies all met for dep_context=requeueable deps ti=<TaskInstance: cleaning_and_training_model1.scrape_data scheduled__2023-10-01T00:00:00+00:00 [queued]>
[2023-11-06T10:54:21.064+0100] {taskinstance.py:1359} INFO - Starting attempt 1 of 4
[2023-11-06T10:54:21.177+0100] {taskinstance.py:1380} INFO - Executing <Task(PythonOperator): scrape_data> on 2023-10-01 00:00:00+00:00
[2023-11-06T10:54:21.185+0100] {standard_task_runner.py:57} INFO - Started process 87674 to run task
[2023-11-06T10:54:21.189+0100] {standard_task_runner.py:84} INFO - Running: ['airflow', 'tasks', 'run', 'cleaning_and_training_model1', 'scrape_data', 'scheduled__2023-10-01T00:00:00+00:00', '--job-id', '59', '--raw', '--subdir', 'DAGS_FOLDER/main.py', '--cfg-path', '/tmp/tmpmju8ecpp']
[2023-11-06T10:54:21.192+0100] {standard_task_runner.py:85} INFO - Job 59: Subtask scrape_data
[2023-11-06T10:54:21.340+0100] {task_command.py:415} INFO - Running <TaskInstance: cleaning_and_training_model1.scrape_data scheduled__2023-10-01T00:00:00+00:00 [running]> on host DESKTOP-OEHM1R6.
[2023-11-06T10:54:21.657+0100] {taskinstance.py:1660} INFO - Exporting env vars: AIRFLOW_CTX_DAG_OWNER='mythili' AIRFLOW_CTX_DAG_ID='cleaning_and_training_model1' AIRFLOW_CTX_TASK_ID='scrape_data' AIRFLOW_CTX_EXECUTION_DATE='2023-10-01T00:00:00+00:00' AIRFLOW_CTX_TRY_NUMBER='1' AIRFLOW_CTX_DAG_RUN_ID='scheduled__2023-10-01T00:00:00+00:00'
[2023-11-06T10:54:21.659+0100] {logging_mixin.py:151} INFO - created merged--
[2023-11-06T10:54:21.660+0100] {logging_mixin.py:151} INFO - opend merged--
[2023-11-06T10:54:24.506+0100] {logging_mixin.py:151} INFO - [{'Type_of_property': 'house', 'Price': '€720000', 'Bedrooms': '3', 'Energy class': 'D', 'Primary energy consumption': '202', 'Furnished': 0, 'Terrace': 0, 'Terrace surface': '12', 'Surface of the plot': '343', 'Living room surface': '40', 'Number of frontages': 0, 'Construction year': '1980', 'Building condition': 'Just renovated', 'Outdoor parking space': 0, 'Bathrooms': '1', 'Shower rooms': 0, 'Office': 'Yes', 'Toilets': 0, 'Kitchen type': 0, 'Heating type': 'Gas', 'postal code': '1050'}]
[2023-11-06T10:54:24.667+0100] {logging_mixin.py:151} INFO - [{'Type_of_property': 'apartment', 'Price': '€65000', 'Bedrooms': '1', 'Energy class': 'D', 'Primary energy consumption': 'Not specified', 'Furnished': 0, 'Terrace': 0, 'Terrace surface': '1', 'Surface of the plot': 0, 'Living room surface': '20', 'Number of frontages': '2', 'Construction year': 0, 'Building condition': 'To be done up', 'Outdoor parking space': 0, 'Bathrooms': '1', 'Shower rooms': 0, 'Office': 'No', 'Toilets': '1', 'Kitchen type': 0, 'Heating type': 0, 'postal code': '6061'}]
[2023-11-06T10:54:24.768+0100] {logging_mixin.py:151} INFO - [{'Type_of_property': 'apartment', 'Price': '€349000', 'Bedrooms': '3', 'Energy class': 'B', 'Primary energy consumption': '184', 'Furnished': 0, 'Terrace': 0, 'Terrace surface': '5', 'Surface of the plot': 0, 'Living room surface': '47', 'Number of frontages': '4', 'Construction year': '1974', 'Building condition': 'Just renovated', 'Outdoor parking space': 0, 'Bathrooms': '1', 'Shower rooms': '1', 'Office': 0, 'Toilets': '2', 'Kitchen type': 'Installed', 'Heating type': 'Gas', 'postal code': '2600'}]
[2023-11-06T10:54:25.079+0100] {logging_mixin.py:151} INFO - [{'Type_of_property': 'apartment', 'Price': '€199000', 'Bedrooms': '2', 'Energy class': 'C', 'Primary energy consumption': '236', 'Furnished': 0, 'Terrace': 0, 'Terrace surface': '4', 'Surface of the plot': 0, 'Living room surface': '30', 'Number of frontages': '2', 'Construction year': '1976', 'Building condition': 'Good', 'Outdoor parking space': 0, 'Bathrooms': '1', 'Shower rooms': 0, 'Office': 0, 'Toilets': '1', 'Kitchen type': 'Installed', 'Heating type': 0, 'postal code': '2610'}]
[2023-11-06T10:54:25.087+0100] {logging_mixin.py:151} INFO - [{'Type_of_property': 'apartment', 'Price': '€109000', 'Bedrooms': '1', 'Energy class': 'E', 'Primary energy consumption': '425', 'Furnished': 'No', 'Terrace': 'Yes', 'Terrace surface': 0, 'Surface of the plot': 0, 'Living room surface': '24', 'Number of frontages': '2', 'Construction year': 0, 'Building condition': 'Good', 'Outdoor parking space': 0, 'Bathrooms': '1', 'Shower rooms': 0, 'Office': 0, 'Toilets': '1', 'Kitchen type': 0, 'Heating type': 'Fuel oil', 'postal code': '20'}]
[2023-11-06T10:54:25.090+0100] {logging_mixin.py:151} INFO - [{'Type_of_property': 'apartment', 'Price': '€1300000', 'Bedrooms': '3', 'Energy class': 'B', 'Primary energy consumption': '113', 'Furnished': 0, 'Terrace': 0, 'Terrace surface': '12', 'Surface of the plot': 0, 'Living room surface': 0, 'Number of frontages': '2', 'Construction year': '1966', 'Building condition': 'Good', 'Outdoor parking space': 0, 'Bathrooms': '3', 'Shower rooms': '3', 'Office': 0, 'Toilets': '2', 'Kitchen type': 'USA installed', 'Heating type': 'Gas', 'postal code': '8300'}]
[2023-11-06T10:54:25.137+0100] {logging_mixin.py:151} INFO - [{'Type_of_property': 'apartment', 'Price': '€279000', 'Bedrooms': '2', 'Energy class': 'G', 'Primary energy consumption': '489', 'Furnished': 'No', 'Terrace': 0, 'Terrace surface': 0, 'Surface of the plot': 0, 'Living room surface': '26', 'Number of frontages': '2', 'Construction year': '1958', 'Building condition': 'To be done up', 'Outdoor parking space': 0, 'Bathrooms': '1', 'Shower rooms': '1', 'Office': 0, 'Toilets': '1', 'Kitchen type': 'Installed', 'Heating type': 'Gas', 'postal code': '1080'}]
[2023-11-06T10:54:25.335+0100] {logging_mixin.py:151} INFO - [{'Type_of_property': 'apartment', 'Price': '€225000', 'Bedrooms': '2', 'Energy class': 'Not specified', 'Primary energy consumption': 'Not specified', 'Furnished': 'No', 'Terrace': 0, 'Terrace surface': 0, 'Surface of the plot': 0, 'Living room surface': 0, 'Number of frontages': '3', 'Construction year': '1977', 'Building condition': 0, 'Outdoor parking space': 0, 'Bathrooms': 0, 'Shower rooms': 0, 'Office': 0, 'Toilets': 0, 'Kitchen type': 0, 'Heating type': 0, 'postal code': '3520'}]
[2023-11-06T10:54:25.378+0100] {logging_mixin.py:151} INFO - [{'Type_of_property': 'apartment', 'Price': '€2199000', 'Bedrooms': '3', 'Energy class': 'Not specified', 'Primary energy consumption': 'Not specified', 'Furnished': 0, 'Terrace': 0, 'Terrace surface': '88', 'Surface of the plot': 0, 'Living room surface': '74', 'Number of frontages': 0, 'Construction year': '2022', 'Building condition': 'Good', 'Outdoor parking space': 0, 'Bathrooms': '3', 'Shower rooms': 0, 'Office': 0, 'Toilets': '3', 'Kitchen type': 0, 'Heating type': 0, 'postal code': '8400'}]
[2023-11-06T10:54:25.553+0100] {logging_mixin.py:151} INFO - [{'Type_of_property': 'apartment', 'Price': '€512000', 'Bedrooms': '4', 'Energy class': 'Not specified', 'Primary energy consumption': 'Not specified', 'Furnished': 0, 'Terrace': 0, 'Terrace surface': '24', 'Surface of the plot': 0, 'Living room surface': '70', 'Number of frontages': '2', 'Construction year': '2007', 'Building condition': 'Good', 'Outdoor parking space': 0, 'Bathrooms': '2', 'Shower rooms': 0, 'Office': 0, 'Toilets': '2', 'Kitchen type': 'USA hyper equipped', 'Heating type': 'Gas', 'postal code': '2820'}]
[2023-11-06T10:54:25.579+0100] {logging_mixin.py:151} INFO - [{'Type_of_property': 'house', 'Price': '€', 'Bedrooms': '6', 'Energy class': 'G', 'Primary energy consumption': '387', 'Furnished': 'No', 'Terrace': 'Yes', 'Terrace surface': 0, 'Surface of the plot': '250', 'Living room surface': 0, 'Number of frontages': '2', 'Construction year': '1924', 'Building condition': 'To renovate', 'Outdoor parking space': 0, 'Bathrooms': '1', 'Shower rooms': 0, 'Office': 0, 'Toilets': 0, 'Kitchen type': 'Semi equipped', 'Heating type': 'Gas', 'postal code': '1050'}]
[2023-11-06T10:54:25.758+0100] {logging_mixin.py:151} INFO - [{'Type_of_property': 'house', 'Price': '€315000', 'Bedrooms': '4', 'Energy class': 'C', 'Primary energy consumption': '215', 'Furnished': 0, 'Terrace': 0, 'Terrace surface': 0, 'Surface of the plot': '151', 'Living room surface': 0, 'Number of frontages': '4', 'Construction year': 0, 'Building condition': 'Good', 'Outdoor parking space': 0, 'Bathrooms': 0, 'Shower rooms': 0, 'Office': 0, 'Toilets': 0, 'Kitchen type': 0, 'Heating type': 'Gas', 'postal code': '8880'}]
[2023-11-06T10:54:25.784+0100] {logging_mixin.py:151} INFO - [{'Type_of_property': 'house', 'Price': '€365000', 'Bedrooms': '3', 'Energy class': 'F', 'Primary energy consumption': '634', 'Furnished': 0, 'Terrace': 0, 'Terrace surface': 0, 'Surface of the plot': 0, 'Living room surface': 0, 'Number of frontages': '4', 'Construction year': 0, 'Building condition': 0, 'Outdoor parking space': 0, 'Bathrooms': '3', 'Shower rooms': 0, 'Office': 0, 'Toilets': 0, 'Kitchen type': 0, 'Heating type': 0, 'postal code': '8000'}]
[2023-11-06T10:54:26.699+0100] {logging_mixin.py:151} INFO - [{'Type_of_property': 'house', 'Price': '€118000', 'Bedrooms': '2', 'Energy class': 'G', 'Primary energy consumption': '586', 'Furnished': 'No', 'Terrace': 0, 'Terrace surface': 0, 'Surface of the plot': '570', 'Living room surface': '15', 'Number of frontages': '4', 'Construction year': '1962', 'Building condition': 0, 'Outdoor parking space': 0, 'Bathrooms': 0, 'Shower rooms': '1', 'Office': 0, 'Toilets': '1', 'Kitchen type': 'Semi equipped', 'Heating type': 'Gas', 'postal code': '6044'}]
[2023-11-06T10:54:27.039+0100] {logging_mixin.py:151} INFO - [{'Type_of_property': 'house', 'Price': '€595000', 'Bedrooms': '4', 'Energy class': 'Not specified', 'Primary energy consumption': 'Not specified', 'Furnished': 0, 'Terrace': 'Yes', 'Terrace surface': 0, 'Surface of the plot': '258', 'Living room surface': 0, 'Number of frontages': 0, 'Construction year': 0, 'Building condition': 'To restore', 'Outdoor parking space': 0, 'Bathrooms': '3', 'Shower rooms': 0, 'Office': 0, 'Toilets': '3', 'Kitchen type': 0, 'Heating type': 0, 'postal code': '8420'}]
[2023-11-06T10:54:27.121+0100] {logging_mixin.py:151} INFO - [{'Type_of_property': 'house', 'Price': '€188000', 'Bedrooms': '3', 'Energy class': 'E', 'Primary energy consumption': '357', 'Furnished': 'No', 'Terrace': 0, 'Terrace surface': '12', 'Surface of the plot': '176', 'Living room surface': '32', 'Number of frontages': '3', 'Construction year': '1967', 'Building condition': 0, 'Outdoor parking space': 0, 'Bathrooms': '1', 'Shower rooms': 0, 'Office': 0, 'Toilets': '1', 'Kitchen type': 'Installed', 'Heating type': 'Gas', 'postal code': '6110'}]
[2023-11-06T10:54:27.231+0100] {logging_mixin.py:151} INFO - [{'Type_of_property': 'house', 'Price': '€495000', 'Bedrooms': '6', 'Energy class': 'F', 'Primary energy consumption': '888', 'Furnished': 'No', 'Terrace': 'Yes', 'Terrace surface': 0, 'Surface of the plot': '3510', 'Living room surface': 0, 'Number of frontages': '4', 'Construction year': '1874', 'Building condition': 'To renovate', 'Outdoor parking space': 0, 'Bathrooms': '1', 'Shower rooms': 0, 'Office': 'Yes', 'Toilets': 0, 'Kitchen type': 0, 'Heating type': 'Fuel oil', 'postal code': '1653'}]
[2023-11-06T10:54:27.381+0100] {logging_mixin.py:151} INFO - [{'Type_of_property': 'house', 'Price': '€439000', 'Bedrooms': '3', 'Energy class': 'E', 'Primary energy consumption': '417', 'Furnished': 0, 'Terrace': 'Yes', 'Terrace surface': 0, 'Surface of the plot': '1278', 'Living room surface': '35', 'Number of frontages': '3', 'Construction year': 0, 'Building condition': 'Good', 'Outdoor parking space': 0, 'Bathrooms': '2', 'Shower rooms': 0, 'Office': 0, 'Toilets': '1', 'Kitchen type': 0, 'Heating type': 'Gas', 'postal code': '9620'}]
[2023-11-06T10:54:27.507+0100] {logging_mixin.py:151} INFO - [{'Type_of_property': 'house', 'Price': '€495000', 'Bedrooms': '3', 'Energy class': 'D', 'Primary energy consumption': '312', 'Furnished': 0, 'Terrace': 'Yes', 'Terrace surface': 0, 'Surface of the plot': '510', 'Living room surface': '38', 'Number of frontages': '2', 'Construction year': '1930', 'Building condition': 'Just renovated', 'Outdoor parking space': 0, 'Bathrooms': '1', 'Shower rooms': 0, 'Office': 0, 'Toilets': '2', 'Kitchen type': 'Installed', 'Heating type': 'Gas', 'postal code': '1380'}]
[2023-11-06T10:54:27.622+0100] {logging_mixin.py:151} INFO - [{'Type_of_property': 'house', 'Price': '€389000', 'Bedrooms': '4', 'Energy class': 'D', 'Primary energy consumption': '344', 'Furnished': 0, 'Terrace': 'Yes', 'Terrace surface': 0, 'Surface of the plot': '595', 'Living room surface': 0, 'Number of frontages': 0, 'Construction year': 0, 'Building condition': 'Good', 'Outdoor parking space': 0, 'Bathrooms': '1', 'Shower rooms': 0, 'Office': 0, 'Toilets': '2', 'Kitchen type': 0, 'Heating type': 'Gas', 'postal code': '8560'}]
[2023-11-06T10:54:27.705+0100] {logging_mixin.py:151} INFO - [{'Type_of_property': 'house', 'Price': '€395000', 'Bedrooms': '4', 'Energy class': 'Not specified', 'Primary energy consumption': 'Not specified', 'Furnished': 0, 'Terrace': 'Yes', 'Terrace surface': 0, 'Surface of the plot': '574', 'Living room surface': 0, 'Number of frontages': 0, 'Construction year': 0, 'Building condition': 'Good', 'Outdoor parking space': 0, 'Bathrooms': '1', 'Shower rooms': 0, 'Office': 0, 'Toilets': '1', 'Kitchen type': 0, 'Heating type': 'Gas', 'postal code': '8560'}]
[2023-11-06T10:54:27.779+0100] {logging_mixin.py:151} INFO - [{'Type_of_property': 'house', 'Price': '€225000', 'Bedrooms': '3', 'Energy class': 'F', 'Primary energy consumption': '564', 'Furnished': 0, 'Terrace': 'Yes', 'Terrace surface': 0, 'Surface of the plot': '265', 'Living room surface': 0, 'Number of frontages': '2', 'Construction year': '1936', 'Building condition': 'To renovate', 'Outdoor parking space': 0, 'Bathrooms': '1', 'Shower rooms': 0, 'Office': 0, 'Toilets': '1', 'Kitchen type': 0, 'Heating type': 'Fuel oil', 'postal code': '2220'}]
[2023-11-06T10:54:27.845+0100] {logging_mixin.py:151} INFO - [{'Type_of_property': 'house', 'Price': '€349500', 'Bedrooms': '3', 'Energy class': 'B', 'Primary energy consumption': '148', 'Furnished': 'No', 'Terrace': 0, 'Terrace surface': '12', 'Surface of the plot': 0, 'Living room surface': 0, 'Number of frontages': '2', 'Construction year': 0, 'Building condition': 'Good', 'Outdoor parking space': 0, 'Bathrooms': '1', 'Shower rooms': 0, 'Office': 0, 'Toilets': '3', 'Kitchen type': 'USA hyper equipped', 'Heating type': 0, 'postal code': '2235'}]
[2023-11-06T10:54:27.901+0100] {logging_mixin.py:151} INFO - [{'Type_of_property': 'house', 'Price': '€56000', 'Bedrooms': '2', 'Energy class': 'G', 'Primary energy consumption': '577', 'Furnished': 'No', 'Terrace': 0, 'Terrace surface': 0, 'Surface of the plot': 0, 'Living room surface': 0, 'Number of frontages': '3', 'Construction year': 0, 'Building condition': 'To renovate', 'Outdoor parking space': 0, 'Bathrooms': '1', 'Shower rooms': 0, 'Office': 0, 'Toilets': '1', 'Kitchen type': 0, 'Heating type': 0, 'postal code': '20'}]
[2023-11-06T10:54:27.957+0100] {logging_mixin.py:151} INFO - [{'Type_of_property': 'house', 'Price': '€479000', 'Bedrooms': '4', 'Energy class': 'B', 'Primary energy consumption': '170', 'Furnished': 0, 'Terrace': 'Yes', 'Terrace surface': 0, 'Surface of the plot': '842', 'Living room surface': 0, 'Number of frontages': '4', 'Construction year': '1990', 'Building condition': 0, 'Outdoor parking space': 0, 'Bathrooms': '1', 'Shower rooms': 0, 'Office': 0, 'Toilets': '3', 'Kitchen type': 'Hyper equipped', 'Heating type': 'Gas', 'postal code': '3150'}]
[2023-11-06T10:54:27.960+0100] {logging_mixin.py:151} INFO - scraped house details--
[2023-11-06T10:54:27.960+0100] {logging_mixin.py:151} INFO - Time Taken: 6.299646s
[2023-11-06T10:54:27.960+0100] {logging_mixin.py:151} INFO - skipped urls:  []
[2023-11-06T10:54:27.967+0100] {logging_mixin.py:151} INFO - created scraped csv---
[2023-11-06T10:54:27.968+0100] {python.py:194} INFO - Done. Returned value was:    Type_of_property     Price Bedrooms   Energy class Primary energy consumption  ... Office Toilets        Kitchen type Heating type postal code
0         apartment  €2199000        3  Not specified              Not specified  ...      0       3                   0            0        8400
1         apartment   €225000        2  Not specified              Not specified  ...      0       0                   0            0        3520
2         apartment  €1300000        3              B                        113  ...      0       2       USA installed          Gas        8300
3         apartment    €65000        1              D              Not specified  ...     No       1                   0            0        6061
4         apartment   €199000        2              C                        236  ...      0       1           Installed            0        2610
5         apartment   €349000        3              B                        184  ...      0       2           Installed          Gas        2600
6         apartment   €279000        2              G                        489  ...      0       1           Installed          Gas        1080
7         apartment   €109000        1              E                        425  ...      0       1                   0     Fuel oil          20
8         apartment   €512000        4  Not specified              Not specified  ...      0       2  USA hyper equipped          Gas        2820
9             house   €720000        3              D                        202  ...    Yes       0                   0          Gas        1050
10            house         €        6              G                        387  ...      0       0       Semi equipped          Gas        1050
11            house   €365000        3              F                        634  ...      0       0                   0            0        8000
12            house   €315000        4              C                        215  ...      0       0                   0          Gas        8880
13            house   €118000        2              G                        586  ...      0       1       Semi equipped          Gas        6044
14            house   €188000        3              E                        357  ...      0       1           Installed          Gas        6110
15            house   €595000        4  Not specified              Not specified  ...      0       3                   0            0        8420
16            house   €495000        6              F                        888  ...    Yes       0                   0     Fuel oil        1653
17            house   €495000        3              D                        312  ...      0       2           Installed          Gas        1380
18            house   €439000        3              E                        417  ...      0       1                   0          Gas        9620
19            house   €395000        4  Not specified              Not specified  ...      0       1                   0          Gas        8560
20            house   €389000        4              D                        344  ...      0       2                   0          Gas        8560
21            house   €349500        3              B                        148  ...      0       3  USA hyper equipped            0        2235
22            house   €225000        3              F                        564  ...      0       1                   0     Fuel oil        2220
23            house   €479000        4              B                        170  ...      0       3      Hyper equipped          Gas        3150
24            house    €56000        2              G                        577  ...      0       1                   0            0          20

[25 rows x 21 columns]
[2023-11-06T10:54:28.205+0100] {taskinstance.py:1398} INFO - Marking task as SUCCESS. dag_id=cleaning_and_training_model1, task_id=scrape_data, execution_date=20231001T000000, start_date=20231106T095421, end_date=20231106T095428
[2023-11-06T10:54:28.365+0100] {local_task_job_runner.py:228} INFO - Task exited with return code 0
[2023-11-06T10:54:28.388+0100] {taskinstance.py:2776} INFO - 1 downstream tasks scheduled from follow-on schedule check
