[2023-11-06T10:29:40.993+0100] {taskinstance.py:1157} INFO - Dependencies all met for dep_context=non-requeueable deps ti=<TaskInstance: cleaning_and_training_model1.Scraping_url scheduled__2023-09-24T00:00:00+00:00 [queued]>
[2023-11-06T10:29:41.006+0100] {taskinstance.py:1157} INFO - Dependencies all met for dep_context=requeueable deps ti=<TaskInstance: cleaning_and_training_model1.Scraping_url scheduled__2023-09-24T00:00:00+00:00 [queued]>
[2023-11-06T10:29:41.006+0100] {taskinstance.py:1359} INFO - Starting attempt 1 of 4
[2023-11-06T10:29:41.129+0100] {taskinstance.py:1380} INFO - Executing <Task(PythonOperator): Scraping_url> on 2023-09-24 00:00:00+00:00
[2023-11-06T10:29:41.139+0100] {standard_task_runner.py:57} INFO - Started process 70692 to run task
[2023-11-06T10:29:41.146+0100] {standard_task_runner.py:84} INFO - Running: ['airflow', 'tasks', 'run', 'cleaning_and_training_model1', 'Scraping_url', 'scheduled__2023-09-24T00:00:00+00:00', '--job-id', '17', '--raw', '--subdir', 'DAGS_FOLDER/main.py', '--cfg-path', '/tmp/tmp5ms3pd93']
[2023-11-06T10:29:41.150+0100] {standard_task_runner.py:85} INFO - Job 17: Subtask Scraping_url
[2023-11-06T10:29:41.293+0100] {task_command.py:415} INFO - Running <TaskInstance: cleaning_and_training_model1.Scraping_url scheduled__2023-09-24T00:00:00+00:00 [running]> on host DESKTOP-OEHM1R6.
[2023-11-06T10:29:41.639+0100] {taskinstance.py:1660} INFO - Exporting env vars: AIRFLOW_CTX_DAG_OWNER='mythili' AIRFLOW_CTX_DAG_ID='cleaning_and_training_model1' AIRFLOW_CTX_TASK_ID='Scraping_url' AIRFLOW_CTX_EXECUTION_DATE='2023-09-24T00:00:00+00:00' AIRFLOW_CTX_TRY_NUMBER='1' AIRFLOW_CTX_DAG_RUN_ID='scheduled__2023-09-24T00:00:00+00:00'
[2023-11-06T10:29:44.643+0100] {logging_mixin.py:151} INFO - https://www.immoweb.be/en/search/apartment/for-sale?countries=BE&orderBy=newest&page=1
[2023-11-06T10:29:45.570+0100] {logging_mixin.py:151} INFO - list length:  30
[2023-11-06T10:29:47.573+0100] {logging_mixin.py:151} INFO - https://www.immoweb.be/en/search/apartment/for-sale?countries=BE&orderBy=newest&page=2
[2023-11-06T10:29:48.731+0100] {logging_mixin.py:151} INFO - list length:  60
[2023-11-06T10:29:50.734+0100] {logging_mixin.py:151} INFO - https://www.immoweb.be/en/search/house/for-sale?countries=BE&orderBy=newest&page=1
[2023-11-06T10:29:51.874+0100] {logging_mixin.py:151} INFO - list length:  90
[2023-11-06T10:29:53.877+0100] {logging_mixin.py:151} INFO - https://www.immoweb.be/en/search/house/for-sale?countries=BE&orderBy=newest&page=2
[2023-11-06T10:29:54.687+0100] {logging_mixin.py:151} INFO - list length:  120
[2023-11-06T10:29:54.700+0100] {python.py:194} INFO - Done. Returned value was: None
[2023-11-06T10:29:54.709+0100] {taskinstance.py:1398} INFO - Marking task as SUCCESS. dag_id=cleaning_and_training_model1, task_id=Scraping_url, execution_date=20230924T000000, start_date=20231106T092940, end_date=20231106T092954
[2023-11-06T10:29:54.937+0100] {local_task_job_runner.py:228} INFO - Task exited with return code 0
[2023-11-06T10:29:54.964+0100] {taskinstance.py:2776} INFO - 1 downstream tasks scheduled from follow-on schedule check
