[2023-11-06T10:47:40.218+0100] {taskinstance.py:1157} INFO - Dependencies all met for dep_context=non-requeueable deps ti=<TaskInstance: cleaning_and_training_model1.clean_data scheduled__2023-09-27T00:00:00+00:00 [queued]>
[2023-11-06T10:47:40.228+0100] {taskinstance.py:1157} INFO - Dependencies all met for dep_context=requeueable deps ti=<TaskInstance: cleaning_and_training_model1.clean_data scheduled__2023-09-27T00:00:00+00:00 [queued]>
[2023-11-06T10:47:40.228+0100] {taskinstance.py:1359} INFO - Starting attempt 1 of 4
[2023-11-06T10:47:40.400+0100] {taskinstance.py:1380} INFO - Executing <Task(PythonOperator): clean_data> on 2023-09-27 00:00:00+00:00
[2023-11-06T10:47:40.406+0100] {standard_task_runner.py:57} INFO - Started process 82631 to run task
[2023-11-06T10:47:40.412+0100] {standard_task_runner.py:84} INFO - Running: ['airflow', 'tasks', 'run', 'cleaning_and_training_model1', 'clean_data', 'scheduled__2023-09-27T00:00:00+00:00', '--job-id', '48', '--raw', '--subdir', 'DAGS_FOLDER/main.py', '--cfg-path', '/tmp/tmptn0o1hrs']
[2023-11-06T10:47:40.414+0100] {standard_task_runner.py:85} INFO - Job 48: Subtask clean_data
[2023-11-06T10:47:40.604+0100] {task_command.py:415} INFO - Running <TaskInstance: cleaning_and_training_model1.clean_data scheduled__2023-09-27T00:00:00+00:00 [running]> on host DESKTOP-OEHM1R6.
[2023-11-06T10:47:40.891+0100] {taskinstance.py:1660} INFO - Exporting env vars: AIRFLOW_CTX_DAG_OWNER='mythili' AIRFLOW_CTX_DAG_ID='cleaning_and_training_model1' AIRFLOW_CTX_TASK_ID='clean_data' AIRFLOW_CTX_EXECUTION_DATE='2023-09-27T00:00:00+00:00' AIRFLOW_CTX_TRY_NUMBER='1' AIRFLOW_CTX_DAG_RUN_ID='scheduled__2023-09-27T00:00:00+00:00'
[2023-11-06T10:47:40.940+0100] {python.py:194} INFO - Done. Returned value was:      type_of_property     price bedrooms energy_class  ... bathrooms toilets        kitchen_type heating_type
0           apartment  280000.0        2           NS  ...         1       1           Installed     Electric
2           apartment  300000.0        2            C  ...         1       1      Hyper equipped            0
3           apartment  425000.0        2            G  ...         1       1  USA hyper equipped          Gas
5           apartment  285000.0        2            B  ...         1       1           Installed          Gas
6           apartment  298760.0        2           NS  ...         1       0                   0            0
...               ...       ...      ...          ...  ...       ...     ...                 ...          ...
6375            house  495000.0        3            D  ...         1       2           Installed          Gas
6376            house  439000.0        3            E  ...         2       1                   0          Gas
6377            house  395000.0        4           NS  ...         1       1                   0          Gas
6463        apartment   65000.0        1            D  ...         1       1                   0            0
6471            house  595000.0        4           NS  ...         3       3                   0            0

[84 rows x 12 columns]
[2023-11-06T10:47:41.077+0100] {taskinstance.py:1398} INFO - Marking task as SUCCESS. dag_id=cleaning_and_training_model1, task_id=clean_data, execution_date=20230927T000000, start_date=20231106T094740, end_date=20231106T094741
[2023-11-06T10:47:41.225+0100] {local_task_job_runner.py:228} INFO - Task exited with return code 0
[2023-11-06T10:47:41.245+0100] {taskinstance.py:2776} INFO - 1 downstream tasks scheduled from follow-on schedule check
