[2023-11-06T10:52:29.959+0100] {taskinstance.py:1157} INFO - Dependencies all met for dep_context=non-requeueable deps ti=<TaskInstance: cleaning_and_training_model1.clean_data scheduled__2023-09-29T00:00:00+00:00 [queued]>
[2023-11-06T10:52:29.981+0100] {taskinstance.py:1157} INFO - Dependencies all met for dep_context=requeueable deps ti=<TaskInstance: cleaning_and_training_model1.clean_data scheduled__2023-09-29T00:00:00+00:00 [queued]>
[2023-11-06T10:52:29.981+0100] {taskinstance.py:1359} INFO - Starting attempt 1 of 4
[2023-11-06T10:52:30.108+0100] {taskinstance.py:1380} INFO - Executing <Task(PythonOperator): clean_data> on 2023-09-29 00:00:00+00:00
[2023-11-06T10:52:30.116+0100] {standard_task_runner.py:57} INFO - Started process 86286 to run task
[2023-11-06T10:52:30.120+0100] {standard_task_runner.py:84} INFO - Running: ['airflow', 'tasks', 'run', 'cleaning_and_training_model1', 'clean_data', 'scheduled__2023-09-29T00:00:00+00:00', '--job-id', '56', '--raw', '--subdir', 'DAGS_FOLDER/main.py', '--cfg-path', '/tmp/tmpc_brhl89']
[2023-11-06T10:52:30.123+0100] {standard_task_runner.py:85} INFO - Job 56: Subtask clean_data
[2023-11-06T10:52:30.315+0100] {task_command.py:415} INFO - Running <TaskInstance: cleaning_and_training_model1.clean_data scheduled__2023-09-29T00:00:00+00:00 [running]> on host DESKTOP-OEHM1R6.
[2023-11-06T10:52:30.732+0100] {taskinstance.py:1660} INFO - Exporting env vars: AIRFLOW_CTX_DAG_OWNER='mythili' AIRFLOW_CTX_DAG_ID='cleaning_and_training_model1' AIRFLOW_CTX_TASK_ID='clean_data' AIRFLOW_CTX_EXECUTION_DATE='2023-09-29T00:00:00+00:00' AIRFLOW_CTX_TRY_NUMBER='1' AIRFLOW_CTX_DAG_RUN_ID='scheduled__2023-09-29T00:00:00+00:00'
[2023-11-06T10:52:30.790+0100] {python.py:194} INFO - Done. Returned value was:      type_of_property     price bedrooms energy_class  ... bathrooms toilets        kitchen_type heating_type
0           apartment  280000.0        2           NS  ...         1       1           Installed     Electric
2           apartment  300000.0        2            C  ...         1       1      Hyper equipped            0
3           apartment  425000.0        2            G  ...         1       1  USA hyper equipped          Gas
5           apartment  285000.0        2            B  ...         1       1           Installed          Gas
6           apartment  298760.0        2           NS  ...         1       0                   0            0
...               ...       ...      ...          ...  ...       ...     ...                 ...          ...
6943        apartment  225000.0        2           NS  ...         0       0                   0            0
6953            house  365000.0        3            F  ...         3       0                   0            0
6954            house  315000.0        4            C  ...         0       0                   0          Gas
6955            house  118000.0        2            G  ...         1       1       Semi equipped          Gas
6956            house  188000.0        3            E  ...         1       1           Installed          Gas

[89 rows x 12 columns]
[2023-11-06T10:52:30.959+0100] {taskinstance.py:1398} INFO - Marking task as SUCCESS. dag_id=cleaning_and_training_model1, task_id=clean_data, execution_date=20230929T000000, start_date=20231106T095229, end_date=20231106T095230
[2023-11-06T10:52:31.192+0100] {local_task_job_runner.py:228} INFO - Task exited with return code 0
[2023-11-06T10:52:31.214+0100] {taskinstance.py:2776} INFO - 1 downstream tasks scheduled from follow-on schedule check
