[2023-11-06T10:42:16.736+0100] {taskinstance.py:1157} INFO - Dependencies all met for dep_context=non-requeueable deps ti=<TaskInstance: cleaning_and_training_model1.clean_data scheduled__2023-09-25T00:00:00+00:00 [queued]>
[2023-11-06T10:42:16.745+0100] {taskinstance.py:1157} INFO - Dependencies all met for dep_context=requeueable deps ti=<TaskInstance: cleaning_and_training_model1.clean_data scheduled__2023-09-25T00:00:00+00:00 [queued]>
[2023-11-06T10:42:16.746+0100] {taskinstance.py:1359} INFO - Starting attempt 1 of 4
[2023-11-06T10:42:16.887+0100] {taskinstance.py:1380} INFO - Executing <Task(PythonOperator): clean_data> on 2023-09-25 00:00:00+00:00
[2023-11-06T10:42:16.894+0100] {standard_task_runner.py:57} INFO - Started process 78628 to run task
[2023-11-06T10:42:16.901+0100] {standard_task_runner.py:84} INFO - Running: ['airflow', 'tasks', 'run', 'cleaning_and_training_model1', 'clean_data', 'scheduled__2023-09-25T00:00:00+00:00', '--job-id', '40', '--raw', '--subdir', 'DAGS_FOLDER/main.py', '--cfg-path', '/tmp/tmpoducib7l']
[2023-11-06T10:42:16.904+0100] {standard_task_runner.py:85} INFO - Job 40: Subtask clean_data
[2023-11-06T10:42:17.065+0100] {task_command.py:415} INFO - Running <TaskInstance: cleaning_and_training_model1.clean_data scheduled__2023-09-25T00:00:00+00:00 [running]> on host DESKTOP-OEHM1R6.
[2023-11-06T10:42:17.418+0100] {taskinstance.py:1660} INFO - Exporting env vars: AIRFLOW_CTX_DAG_OWNER='mythili' AIRFLOW_CTX_DAG_ID='cleaning_and_training_model1' AIRFLOW_CTX_TASK_ID='clean_data' AIRFLOW_CTX_EXECUTION_DATE='2023-09-25T00:00:00+00:00' AIRFLOW_CTX_TRY_NUMBER='1' AIRFLOW_CTX_DAG_RUN_ID='scheduled__2023-09-25T00:00:00+00:00'
[2023-11-06T10:42:17.471+0100] {python.py:194} INFO - Done. Returned value was:      type_of_property     price bedrooms energy_class  ... bathrooms toilets        kitchen_type heating_type
0           apartment  280000.0        2           NS  ...         1       1           Installed     Electric
2           apartment  300000.0        2            C  ...         1       1      Hyper equipped            0
3           apartment  425000.0        2            G  ...         1       1  USA hyper equipped          Gas
5           apartment  285000.0        2            B  ...         1       1           Installed          Gas
6           apartment  298760.0        2           NS  ...         1       0                   0            0
...               ...       ...      ...          ...  ...       ...     ...                 ...          ...
5823            house  389000.0        4            D  ...         1       2                   0          Gas
6374            house  495000.0        6            F  ...         1       0                   0     Fuel oil
6375            house  495000.0        3            D  ...         1       2           Installed          Gas
6376            house  439000.0        3            E  ...         2       1                   0          Gas
6377            house  395000.0        4           NS  ...         1       1                   0          Gas

[82 rows x 12 columns]
[2023-11-06T10:42:17.716+0100] {taskinstance.py:1398} INFO - Marking task as SUCCESS. dag_id=cleaning_and_training_model1, task_id=clean_data, execution_date=20230925T000000, start_date=20231106T094216, end_date=20231106T094217
[2023-11-06T10:42:17.916+0100] {local_task_job_runner.py:228} INFO - Task exited with return code 0
[2023-11-06T10:42:17.937+0100] {taskinstance.py:2776} INFO - 1 downstream tasks scheduled from follow-on schedule check
