[2023-11-06T10:15:10.948+0100] {taskinstance.py:1157} INFO - Dependencies all met for dep_context=non-requeueable deps ti=<TaskInstance: cleaning_and_training_model.Scraping_url manual__2023-11-06T09:13:51.249671+00:00 [queued]>
[2023-11-06T10:15:10.961+0100] {taskinstance.py:1157} INFO - Dependencies all met for dep_context=requeueable deps ti=<TaskInstance: cleaning_and_training_model.Scraping_url manual__2023-11-06T09:13:51.249671+00:00 [queued]>
[2023-11-06T10:15:10.962+0100] {taskinstance.py:1359} INFO - Starting attempt 1 of 4
[2023-11-06T10:15:11.119+0100] {taskinstance.py:1380} INFO - Executing <Task(PythonOperator): Scraping_url> on 2023-11-06 09:13:51.249671+00:00
[2023-11-06T10:15:11.127+0100] {standard_task_runner.py:57} INFO - Started process 63702 to run task
[2023-11-06T10:15:11.132+0100] {standard_task_runner.py:84} INFO - Running: ['airflow', 'tasks', 'run', 'cleaning_and_training_model', 'Scraping_url', 'manual__2023-11-06T09:13:51.249671+00:00', '--job-id', '5', '--raw', '--subdir', 'DAGS_FOLDER/main.py', '--cfg-path', '/tmp/tmpex93lf36']
[2023-11-06T10:15:11.134+0100] {standard_task_runner.py:85} INFO - Job 5: Subtask Scraping_url
[2023-11-06T10:15:11.286+0100] {task_command.py:415} INFO - Running <TaskInstance: cleaning_and_training_model.Scraping_url manual__2023-11-06T09:13:51.249671+00:00 [running]> on host DESKTOP-OEHM1R6.
[2023-11-06T10:15:11.693+0100] {taskinstance.py:1660} INFO - Exporting env vars: AIRFLOW_CTX_DAG_OWNER='mythili' AIRFLOW_CTX_DAG_ID='cleaning_and_training_model' AIRFLOW_CTX_TASK_ID='Scraping_url' AIRFLOW_CTX_EXECUTION_DATE='2023-11-06T09:13:51.249671+00:00' AIRFLOW_CTX_TRY_NUMBER='1' AIRFLOW_CTX_DAG_RUN_ID='manual__2023-11-06T09:13:51.249671+00:00'
[2023-11-06T10:15:14.697+0100] {logging_mixin.py:151} INFO - https://www.immoweb.be/en/search/apartment/for-sale?countries=BE&orderBy=newest&page=1
[2023-11-06T10:15:15.837+0100] {logging_mixin.py:151} INFO - list length:  30
[2023-11-06T10:15:16.839+0100] {logging_mixin.py:151} INFO - https://www.immoweb.be/en/search/apartment/for-sale?countries=BE&orderBy=newest&page=2
[2023-11-06T10:15:18.091+0100] {logging_mixin.py:151} INFO - list length:  60
[2023-11-06T10:15:20.094+0100] {logging_mixin.py:151} INFO - https://www.immoweb.be/en/search/house/for-sale?countries=BE&orderBy=newest&page=1
[2023-11-06T10:15:21.190+0100] {logging_mixin.py:151} INFO - list length:  90
[2023-11-06T10:15:22.192+0100] {logging_mixin.py:151} INFO - https://www.immoweb.be/en/search/house/for-sale?countries=BE&orderBy=newest&page=2
[2023-11-06T10:15:23.578+0100] {logging_mixin.py:151} INFO - list length:  120
[2023-11-06T10:15:23.587+0100] {python.py:194} INFO - Done. Returned value was: None
[2023-11-06T10:15:23.593+0100] {taskinstance.py:1398} INFO - Marking task as SUCCESS. dag_id=cleaning_and_training_model, task_id=Scraping_url, execution_date=20231106T091351, start_date=20231106T091510, end_date=20231106T091523
[2023-11-06T10:15:23.752+0100] {local_task_job_runner.py:228} INFO - Task exited with return code 0
[2023-11-06T10:15:23.775+0100] {taskinstance.py:2776} INFO - 1 downstream tasks scheduled from follow-on schedule check
