[2023-11-06T10:49:04.417+0100] {taskinstance.py:1157} INFO - Dependencies all met for dep_context=non-requeueable deps ti=<TaskInstance: cleaning_and_training_model1.Scraping_url scheduled__2023-09-30T00:00:00+00:00 [queued]>
[2023-11-06T10:49:04.430+0100] {taskinstance.py:1157} INFO - Dependencies all met for dep_context=requeueable deps ti=<TaskInstance: cleaning_and_training_model1.Scraping_url scheduled__2023-09-30T00:00:00+00:00 [queued]>
[2023-11-06T10:49:04.431+0100] {taskinstance.py:1359} INFO - Starting attempt 1 of 4
[2023-11-06T10:49:04.550+0100] {taskinstance.py:1380} INFO - Executing <Task(PythonOperator): Scraping_url> on 2023-09-30 00:00:00+00:00
[2023-11-06T10:49:04.558+0100] {standard_task_runner.py:57} INFO - Started process 83679 to run task
[2023-11-06T10:49:04.564+0100] {standard_task_runner.py:84} INFO - Running: ['airflow', 'tasks', 'run', 'cleaning_and_training_model1', 'Scraping_url', 'scheduled__2023-09-30T00:00:00+00:00', '--job-id', '50', '--raw', '--subdir', 'DAGS_FOLDER/main.py', '--cfg-path', '/tmp/tmpiu8qc3w5']
[2023-11-06T10:49:04.566+0100] {standard_task_runner.py:85} INFO - Job 50: Subtask Scraping_url
[2023-11-06T10:49:04.773+0100] {task_command.py:415} INFO - Running <TaskInstance: cleaning_and_training_model1.Scraping_url scheduled__2023-09-30T00:00:00+00:00 [running]> on host DESKTOP-OEHM1R6.
[2023-11-06T10:49:05.103+0100] {taskinstance.py:1660} INFO - Exporting env vars: AIRFLOW_CTX_DAG_OWNER='mythili' AIRFLOW_CTX_DAG_ID='cleaning_and_training_model1' AIRFLOW_CTX_TASK_ID='Scraping_url' AIRFLOW_CTX_EXECUTION_DATE='2023-09-30T00:00:00+00:00' AIRFLOW_CTX_TRY_NUMBER='1' AIRFLOW_CTX_DAG_RUN_ID='scheduled__2023-09-30T00:00:00+00:00'
[2023-11-06T10:49:07.106+0100] {logging_mixin.py:151} INFO - https://www.immoweb.be/en/search/apartment/for-sale?countries=BE&orderBy=newest&page=1
[2023-11-06T10:49:08.316+0100] {logging_mixin.py:151} INFO - list length:  30
[2023-11-06T10:49:11.320+0100] {logging_mixin.py:151} INFO - https://www.immoweb.be/en/search/apartment/for-sale?countries=BE&orderBy=newest&page=2
[2023-11-06T10:49:12.368+0100] {logging_mixin.py:151} INFO - list length:  60
[2023-11-06T10:49:14.371+0100] {logging_mixin.py:151} INFO - https://www.immoweb.be/en/search/house/for-sale?countries=BE&orderBy=newest&page=1
[2023-11-06T10:49:15.430+0100] {logging_mixin.py:151} INFO - list length:  90
[2023-11-06T10:49:17.433+0100] {logging_mixin.py:151} INFO - https://www.immoweb.be/en/search/house/for-sale?countries=BE&orderBy=newest&page=2
[2023-11-06T10:49:18.452+0100] {logging_mixin.py:151} INFO - list length:  120
[2023-11-06T10:49:18.459+0100] {python.py:194} INFO - Done. Returned value was: None
[2023-11-06T10:49:18.466+0100] {taskinstance.py:1398} INFO - Marking task as SUCCESS. dag_id=cleaning_and_training_model1, task_id=Scraping_url, execution_date=20230930T000000, start_date=20231106T094904, end_date=20231106T094918
[2023-11-06T10:49:18.716+0100] {local_task_job_runner.py:228} INFO - Task exited with return code 0
[2023-11-06T10:49:18.751+0100] {taskinstance.py:2776} INFO - 1 downstream tasks scheduled from follow-on schedule check
