[2023-11-06T10:25:04.147+0100] {taskinstance.py:1157} INFO - Dependencies all met for dep_context=non-requeueable deps ti=<TaskInstance: cleaning_and_training_model1.Scraping_url scheduled__2023-09-22T00:00:00+00:00 [queued]>
[2023-11-06T10:25:04.157+0100] {taskinstance.py:1157} INFO - Dependencies all met for dep_context=requeueable deps ti=<TaskInstance: cleaning_and_training_model1.Scraping_url scheduled__2023-09-22T00:00:00+00:00 [queued]>
[2023-11-06T10:25:04.157+0100] {taskinstance.py:1359} INFO - Starting attempt 1 of 4
[2023-11-06T10:25:04.277+0100] {taskinstance.py:1380} INFO - Executing <Task(PythonOperator): Scraping_url> on 2023-09-22 00:00:00+00:00
[2023-11-06T10:25:04.285+0100] {standard_task_runner.py:57} INFO - Started process 67266 to run task
[2023-11-06T10:25:04.292+0100] {standard_task_runner.py:84} INFO - Running: ['airflow', 'tasks', 'run', 'cleaning_and_training_model1', 'Scraping_url', 'scheduled__2023-09-22T00:00:00+00:00', '--job-id', '10', '--raw', '--subdir', 'DAGS_FOLDER/main.py', '--cfg-path', '/tmp/tmphr0enuqi']
[2023-11-06T10:25:04.294+0100] {standard_task_runner.py:85} INFO - Job 10: Subtask Scraping_url
[2023-11-06T10:25:04.449+0100] {task_command.py:415} INFO - Running <TaskInstance: cleaning_and_training_model1.Scraping_url scheduled__2023-09-22T00:00:00+00:00 [running]> on host DESKTOP-OEHM1R6.
[2023-11-06T10:25:04.713+0100] {taskinstance.py:1660} INFO - Exporting env vars: AIRFLOW_CTX_DAG_OWNER='mythili' AIRFLOW_CTX_DAG_ID='cleaning_and_training_model1' AIRFLOW_CTX_TASK_ID='Scraping_url' AIRFLOW_CTX_EXECUTION_DATE='2023-09-22T00:00:00+00:00' AIRFLOW_CTX_TRY_NUMBER='1' AIRFLOW_CTX_DAG_RUN_ID='scheduled__2023-09-22T00:00:00+00:00'
[2023-11-06T10:25:05.716+0100] {logging_mixin.py:151} INFO - https://www.immoweb.be/en/search/apartment/for-sale?countries=BE&orderBy=newest&page=1
[2023-11-06T10:25:06.772+0100] {logging_mixin.py:151} INFO - list length:  30
[2023-11-06T10:25:07.774+0100] {logging_mixin.py:151} INFO - https://www.immoweb.be/en/search/apartment/for-sale?countries=BE&orderBy=newest&page=2
[2023-11-06T10:25:08.835+0100] {logging_mixin.py:151} INFO - list length:  60
[2023-11-06T10:25:09.837+0100] {logging_mixin.py:151} INFO - https://www.immoweb.be/en/search/house/for-sale?countries=BE&orderBy=newest&page=1
[2023-11-06T10:25:10.774+0100] {logging_mixin.py:151} INFO - list length:  90
[2023-11-06T10:25:12.777+0100] {logging_mixin.py:151} INFO - https://www.immoweb.be/en/search/house/for-sale?countries=BE&orderBy=newest&page=2
[2023-11-06T10:25:13.829+0100] {logging_mixin.py:151} INFO - list length:  120
[2023-11-06T10:25:13.839+0100] {python.py:194} INFO - Done. Returned value was: None
[2023-11-06T10:25:13.844+0100] {taskinstance.py:1398} INFO - Marking task as SUCCESS. dag_id=cleaning_and_training_model1, task_id=Scraping_url, execution_date=20230922T000000, start_date=20231106T092504, end_date=20231106T092513
[2023-11-06T10:25:13.994+0100] {local_task_job_runner.py:228} INFO - Task exited with return code 0
[2023-11-06T10:25:14.017+0100] {taskinstance.py:2776} INFO - 1 downstream tasks scheduled from follow-on schedule check
