[2023-11-06T10:49:42.752+0100] {taskinstance.py:1157} INFO - Dependencies all met for dep_context=non-requeueable deps ti=<TaskInstance: cleaning_and_training_model1.scrape_data scheduled__2023-09-29T00:00:00+00:00 [queued]>
[2023-11-06T10:49:42.762+0100] {taskinstance.py:1157} INFO - Dependencies all met for dep_context=requeueable deps ti=<TaskInstance: cleaning_and_training_model1.scrape_data scheduled__2023-09-29T00:00:00+00:00 [queued]>
[2023-11-06T10:49:42.762+0100] {taskinstance.py:1359} INFO - Starting attempt 1 of 4
[2023-11-06T10:49:42.947+0100] {taskinstance.py:1380} INFO - Executing <Task(PythonOperator): scrape_data> on 2023-09-29 00:00:00+00:00
[2023-11-06T10:49:42.955+0100] {standard_task_runner.py:57} INFO - Started process 84153 to run task
[2023-11-06T10:49:42.960+0100] {standard_task_runner.py:84} INFO - Running: ['airflow', 'tasks', 'run', 'cleaning_and_training_model1', 'scrape_data', 'scheduled__2023-09-29T00:00:00+00:00', '--job-id', '51', '--raw', '--subdir', 'DAGS_FOLDER/main.py', '--cfg-path', '/tmp/tmpdf9pv4wt']
[2023-11-06T10:49:42.963+0100] {standard_task_runner.py:85} INFO - Job 51: Subtask scrape_data
[2023-11-06T10:49:43.129+0100] {task_command.py:415} INFO - Running <TaskInstance: cleaning_and_training_model1.scrape_data scheduled__2023-09-29T00:00:00+00:00 [running]> on host DESKTOP-OEHM1R6.
[2023-11-06T10:49:43.462+0100] {taskinstance.py:1660} INFO - Exporting env vars: AIRFLOW_CTX_DAG_OWNER='mythili' AIRFLOW_CTX_DAG_ID='cleaning_and_training_model1' AIRFLOW_CTX_TASK_ID='scrape_data' AIRFLOW_CTX_EXECUTION_DATE='2023-09-29T00:00:00+00:00' AIRFLOW_CTX_TRY_NUMBER='1' AIRFLOW_CTX_DAG_RUN_ID='scheduled__2023-09-29T00:00:00+00:00'
[2023-11-06T10:49:43.464+0100] {logging_mixin.py:151} INFO - created merged--
[2023-11-06T10:49:43.465+0100] {logging_mixin.py:151} INFO - opend merged--
[2023-11-06T10:49:46.066+0100] {logging_mixin.py:151} INFO - [{'Type_of_property': 'apartment', 'Price': '€349000', 'Bedrooms': '3', 'Energy class': 'B', 'Primary energy consumption': '184', 'Furnished': 0, 'Terrace': 0, 'Terrace surface': '5', 'Surface of the plot': 0, 'Living room surface': '47', 'Number of frontages': '4', 'Construction year': '1974', 'Building condition': 'Just renovated', 'Outdoor parking space': 0, 'Bathrooms': '1', 'Shower rooms': '1', 'Office': 0, 'Toilets': '2', 'Kitchen type': 'Installed', 'Heating type': 'Gas', 'postal code': '2600'}]
[2023-11-06T10:49:46.475+0100] {logging_mixin.py:151} INFO - [{'Type_of_property': 'apartment', 'Price': '€229900', 'Bedrooms': '2', 'Energy class': 'B', 'Primary energy consumption': '97', 'Furnished': 'No', 'Terrace': 0, 'Terrace surface': '9', 'Surface of the plot': 0, 'Living room surface': '24', 'Number of frontages': '2', 'Construction year': '2015', 'Building condition': 'As new', 'Outdoor parking space': 0, 'Bathrooms': '1', 'Shower rooms': 0, 'Office': 0, 'Toilets': '1', 'Kitchen type': 'Installed', 'Heating type': 'Gas', 'postal code': '6800'}]
[2023-11-06T10:49:46.564+0100] {logging_mixin.py:151} INFO - [{'Type_of_property': 'apartment', 'Price': '€430000', 'Bedrooms': '2', 'Energy class': 'B', 'Primary energy consumption': '111', 'Furnished': 0, 'Terrace': 'Yes', 'Terrace surface': 0, 'Surface of the plot': 0, 'Living room surface': 0, 'Number of frontages': 0, 'Construction year': '2002', 'Building condition': 'As new', 'Outdoor parking space': 0, 'Bathrooms': '2', 'Shower rooms': 0, 'Office': 'No', 'Toilets': '1', 'Kitchen type': 'Installed', 'Heating type': 'Gas', 'postal code': '8620'}]
[2023-11-06T10:49:46.601+0100] {logging_mixin.py:151} INFO - [{'Type_of_property': 'apartment', 'Price': '€512000', 'Bedrooms': '4', 'Energy class': 'Not specified', 'Primary energy consumption': 'Not specified', 'Furnished': 0, 'Terrace': 0, 'Terrace surface': '24', 'Surface of the plot': 0, 'Living room surface': '70', 'Number of frontages': '2', 'Construction year': '2007', 'Building condition': 'Good', 'Outdoor parking space': 0, 'Bathrooms': '2', 'Shower rooms': 0, 'Office': 0, 'Toilets': '2', 'Kitchen type': 'USA hyper equipped', 'Heating type': 'Gas', 'postal code': '2820'}]
[2023-11-06T10:49:46.879+0100] {logging_mixin.py:151} INFO - [{'Type_of_property': 'house', 'Price': '€495000', 'Bedrooms': '3', 'Energy class': 'D', 'Primary energy consumption': '312', 'Furnished': 0, 'Terrace': 'Yes', 'Terrace surface': 0, 'Surface of the plot': '510', 'Living room surface': '38', 'Number of frontages': '2', 'Construction year': '1930', 'Building condition': 'Just renovated', 'Outdoor parking space': 0, 'Bathrooms': '1', 'Shower rooms': 0, 'Office': 0, 'Toilets': '2', 'Kitchen type': 'Installed', 'Heating type': 'Gas', 'postal code': '1380'}]
[2023-11-06T10:49:46.889+0100] {logging_mixin.py:151} INFO - [{'Type_of_property': 'apartment', 'Price': '€109000', 'Bedrooms': '1', 'Energy class': 'E', 'Primary energy consumption': '425', 'Furnished': 'No', 'Terrace': 'Yes', 'Terrace surface': 0, 'Surface of the plot': 0, 'Living room surface': '24', 'Number of frontages': '2', 'Construction year': 0, 'Building condition': 'Good', 'Outdoor parking space': 0, 'Bathrooms': '1', 'Shower rooms': 0, 'Office': 0, 'Toilets': '1', 'Kitchen type': 0, 'Heating type': 'Fuel oil', 'postal code': '20'}]
[2023-11-06T10:49:47.028+0100] {logging_mixin.py:151} INFO - [{'Type_of_property': 'apartment', 'Price': '€199000', 'Bedrooms': '2', 'Energy class': 'C', 'Primary energy consumption': '236', 'Furnished': 0, 'Terrace': 0, 'Terrace surface': '4', 'Surface of the plot': 0, 'Living room surface': '30', 'Number of frontages': '2', 'Construction year': '1976', 'Building condition': 'Good', 'Outdoor parking space': 0, 'Bathrooms': '1', 'Shower rooms': 0, 'Office': 0, 'Toilets': '1', 'Kitchen type': 'Installed', 'Heating type': 0, 'postal code': '2610'}]
[2023-11-06T10:49:47.089+0100] {logging_mixin.py:151} INFO - [{'Type_of_property': 'house', 'Price': '€495000', 'Bedrooms': '6', 'Energy class': 'F', 'Primary energy consumption': '888', 'Furnished': 'No', 'Terrace': 'Yes', 'Terrace surface': 0, 'Surface of the plot': '3510', 'Living room surface': 0, 'Number of frontages': '4', 'Construction year': '1874', 'Building condition': 'To renovate', 'Outdoor parking space': 0, 'Bathrooms': '1', 'Shower rooms': 0, 'Office': 'Yes', 'Toilets': 0, 'Kitchen type': 0, 'Heating type': 'Fuel oil', 'postal code': '1653'}]
[2023-11-06T10:49:47.170+0100] {logging_mixin.py:151} INFO - [{'Type_of_property': 'apartment', 'Price': '€295000', 'Bedrooms': '2', 'Energy class': 'B', 'Primary energy consumption': '184', 'Furnished': 0, 'Terrace': 0, 'Terrace surface': '12', 'Surface of the plot': 0, 'Living room surface': 0, 'Number of frontages': '4', 'Construction year': '2003', 'Building condition': 'Good', 'Outdoor parking space': 0, 'Bathrooms': '1', 'Shower rooms': 0, 'Office': 0, 'Toilets': 0, 'Kitchen type': 0, 'Heating type': 'Gas', 'postal code': '2320'}]
[2023-11-06T10:49:47.363+0100] {logging_mixin.py:151} INFO - [{'Type_of_property': 'house', 'Price': '€439000', 'Bedrooms': '3', 'Energy class': 'E', 'Primary energy consumption': '417', 'Furnished': 0, 'Terrace': 'Yes', 'Terrace surface': 0, 'Surface of the plot': '1278', 'Living room surface': '35', 'Number of frontages': '3', 'Construction year': 0, 'Building condition': 'Good', 'Outdoor parking space': 0, 'Bathrooms': '2', 'Shower rooms': 0, 'Office': 0, 'Toilets': '1', 'Kitchen type': 0, 'Heating type': 'Gas', 'postal code': '9620'}]
[2023-11-06T10:49:47.415+0100] {logging_mixin.py:151} INFO - [{'Type_of_property': 'house', 'Price': '€389000', 'Bedrooms': '4', 'Energy class': 'D', 'Primary energy consumption': '344', 'Furnished': 0, 'Terrace': 'Yes', 'Terrace surface': 0, 'Surface of the plot': '595', 'Living room surface': 0, 'Number of frontages': 0, 'Construction year': 0, 'Building condition': 'Good', 'Outdoor parking space': 0, 'Bathrooms': '1', 'Shower rooms': 0, 'Office': 0, 'Toilets': '2', 'Kitchen type': 0, 'Heating type': 'Gas', 'postal code': '8560'}]
[2023-11-06T10:49:47.656+0100] {logging_mixin.py:151} INFO - [{'Type_of_property': 'apartment', 'Price': '€279000', 'Bedrooms': '2', 'Energy class': 'G', 'Primary energy consumption': '489', 'Furnished': 'No', 'Terrace': 0, 'Terrace surface': 0, 'Surface of the plot': 0, 'Living room surface': '26', 'Number of frontages': '2', 'Construction year': '1958', 'Building condition': 'To be done up', 'Outdoor parking space': 0, 'Bathrooms': '1', 'Shower rooms': '1', 'Office': 0, 'Toilets': '1', 'Kitchen type': 'Installed', 'Heating type': 'Gas', 'postal code': '1080'}]
[2023-11-06T10:49:47.680+0100] {logging_mixin.py:151} INFO - [{'Type_of_property': 'house', 'Price': '€349500', 'Bedrooms': '3', 'Energy class': 'B', 'Primary energy consumption': '148', 'Furnished': 'No', 'Terrace': 0, 'Terrace surface': '12', 'Surface of the plot': 0, 'Living room surface': 0, 'Number of frontages': '2', 'Construction year': 0, 'Building condition': 'Good', 'Outdoor parking space': 0, 'Bathrooms': '1', 'Shower rooms': 0, 'Office': 0, 'Toilets': '3', 'Kitchen type': 'USA hyper equipped', 'Heating type': 0, 'postal code': '2235'}]
[2023-11-06T10:49:47.688+0100] {logging_mixin.py:151} INFO - [{'Type_of_property': 'house', 'Price': '€395000', 'Bedrooms': '4', 'Energy class': 'Not specified', 'Primary energy consumption': 'Not specified', 'Furnished': 0, 'Terrace': 'Yes', 'Terrace surface': 0, 'Surface of the plot': '574', 'Living room surface': 0, 'Number of frontages': 0, 'Construction year': 0, 'Building condition': 'Good', 'Outdoor parking space': 0, 'Bathrooms': '1', 'Shower rooms': 0, 'Office': 0, 'Toilets': '1', 'Kitchen type': 0, 'Heating type': 'Gas', 'postal code': '8560'}]
[2023-11-06T10:49:47.844+0100] {logging_mixin.py:151} INFO - [{'Type_of_property': 'house', 'Price': '€225000', 'Bedrooms': '3', 'Energy class': 'F', 'Primary energy consumption': '564', 'Furnished': 0, 'Terrace': 'Yes', 'Terrace surface': 0, 'Surface of the plot': '265', 'Living room surface': 0, 'Number of frontages': '2', 'Construction year': '1936', 'Building condition': 'To renovate', 'Outdoor parking space': 0, 'Bathrooms': '1', 'Shower rooms': 0, 'Office': 0, 'Toilets': '1', 'Kitchen type': 0, 'Heating type': 'Fuel oil', 'postal code': '2220'}]
[2023-11-06T10:49:48.436+0100] {logging_mixin.py:151} INFO - [{'Type_of_property': 'house', 'Price': '€479000', 'Bedrooms': '4', 'Energy class': 'B', 'Primary energy consumption': '170', 'Furnished': 0, 'Terrace': 'Yes', 'Terrace surface': 0, 'Surface of the plot': '842', 'Living room surface': 0, 'Number of frontages': '4', 'Construction year': '1990', 'Building condition': 0, 'Outdoor parking space': 0, 'Bathrooms': '1', 'Shower rooms': 0, 'Office': 0, 'Toilets': '3', 'Kitchen type': 'Hyper equipped', 'Heating type': 'Gas', 'postal code': '3150'}]
[2023-11-06T10:49:48.759+0100] {logging_mixin.py:151} INFO - [{'Type_of_property': 'house', 'Price': '€56000', 'Bedrooms': '2', 'Energy class': 'G', 'Primary energy consumption': '577', 'Furnished': 'No', 'Terrace': 0, 'Terrace surface': 0, 'Surface of the plot': 0, 'Living room surface': 0, 'Number of frontages': '3', 'Construction year': 0, 'Building condition': 'To renovate', 'Outdoor parking space': 0, 'Bathrooms': '1', 'Shower rooms': 0, 'Office': 0, 'Toilets': '1', 'Kitchen type': 0, 'Heating type': 0, 'postal code': '20'}]
[2023-11-06T10:49:48.771+0100] {logging_mixin.py:151} INFO - [{'Type_of_property': 'house', 'Price': '€220000', 'Bedrooms': '2', 'Energy class': 'E', 'Primary energy consumption': '375', 'Furnished': 'No', 'Terrace': 0, 'Terrace surface': '45', 'Surface of the plot': '684', 'Living room surface': '17', 'Number of frontages': '3', 'Construction year': 0, 'Building condition': 'Good', 'Outdoor parking space': 0, 'Bathrooms': '2', 'Shower rooms': '1', 'Office': 0, 'Toilets': '2', 'Kitchen type': 'Installed', 'Heating type': 'Fuel oil', 'postal code': '6790'}]
[2023-11-06T10:49:48.853+0100] {logging_mixin.py:151} INFO - [{'Type_of_property': 'house', 'Price': '€749000', 'Bedrooms': '3', 'Energy class': 'A', 'Primary energy consumption': '77', 'Furnished': 'No', 'Terrace': 0, 'Terrace surface': '200', 'Surface of the plot': '2295', 'Living room surface': '76', 'Number of frontages': '3', 'Construction year': '1938', 'Building condition': 'Good', 'Outdoor parking space': 0, 'Bathrooms': '1', 'Shower rooms': 0, 'Office': 0, 'Toilets': '2', 'Kitchen type': 'Installed', 'Heating type': 0, 'postal code': '1980'}]
[2023-11-06T10:49:49.104+0100] {logging_mixin.py:151} INFO - [{'Type_of_property': 'house', 'Price': '€195000', 'Bedrooms': '3', 'Energy class': 'F', 'Primary energy consumption': '428', 'Furnished': 'No', 'Terrace': 0, 'Terrace surface': 0, 'Surface of the plot': '117', 'Living room surface': '34', 'Number of frontages': '3', 'Construction year': '1890', 'Building condition': 0, 'Outdoor parking space': 0, 'Bathrooms': 0, 'Shower rooms': '1', 'Office': 0, 'Toilets': 0, 'Kitchen type': 0, 'Heating type': 'Fuel oil', 'postal code': '1330'}]
[2023-11-06T10:49:49.114+0100] {logging_mixin.py:151} INFO - [{'Type_of_property': 'house', 'Price': '€199000', 'Bedrooms': '6', 'Energy class': 'E', 'Primary energy consumption': '442', 'Furnished': 0, 'Terrace': 0, 'Terrace surface': 0, 'Surface of the plot': '216', 'Living room surface': 0, 'Number of frontages': 0, 'Construction year': '1918', 'Building condition': 'As new', 'Outdoor parking space': 0, 'Bathrooms': '1', 'Shower rooms': 0, 'Office': 'No', 'Toilets': 0, 'Kitchen type': 'Installed', 'Heating type': 'Gas', 'postal code': '8870'}]
[2023-11-06T10:49:49.180+0100] {logging_mixin.py:151} INFO - [{'Type_of_property': 'house', 'Price': '€449000', 'Bedrooms': '3', 'Energy class': 'F', 'Primary energy consumption': '626', 'Furnished': 0, 'Terrace': 'Yes', 'Terrace surface': 0, 'Surface of the plot': '5707', 'Living room surface': 0, 'Number of frontages': '4', 'Construction year': '1982', 'Building condition': 'To renovate', 'Outdoor parking space': 0, 'Bathrooms': '1', 'Shower rooms': 0, 'Office': 0, 'Toilets': 0, 'Kitchen type': 0, 'Heating type': 'Electric', 'postal code': '9255'}]
[2023-11-06T10:49:49.241+0100] {logging_mixin.py:151} INFO - [{'Type_of_property': 'house', 'Price': '€459000', 'Bedrooms': '3', 'Energy class': 'A', 'Primary energy consumption': '59', 'Furnished': 'No', 'Terrace': 'Yes', 'Terrace surface': 0, 'Surface of the plot': '504', 'Living room surface': 0, 'Number of frontages': 0, 'Construction year': '1960', 'Building condition': 'Just renovated', 'Outdoor parking space': 0, 'Bathrooms': '1', 'Shower rooms': 0, 'Office': 'No', 'Toilets': '1', 'Kitchen type': 'Installed', 'Heating type': 'Gas', 'postal code': '8900'}]
[2023-11-06T10:49:49.244+0100] {logging_mixin.py:151} INFO - scraped house details--
[2023-11-06T10:49:49.245+0100] {logging_mixin.py:151} INFO - Time Taken: 5.778697s
[2023-11-06T10:49:49.245+0100] {logging_mixin.py:151} INFO - skipped urls:  []
[2023-11-06T10:49:49.255+0100] {logging_mixin.py:151} INFO - created scraped csv---
[2023-11-06T10:49:49.255+0100] {python.py:194} INFO - Done. Returned value was:    Type_of_property    Price Bedrooms   Energy class Primary energy consumption  ... Office Toilets        Kitchen type Heating type postal code
0         apartment  €199000        2              C                        236  ...      0       1           Installed            0        2610
1         apartment  €349000        3              B                        184  ...      0       2           Installed          Gas        2600
2         apartment  €279000        2              G                        489  ...      0       1           Installed          Gas        1080
3         apartment  €109000        1              E                        425  ...      0       1                   0     Fuel oil          20
4         apartment  €512000        4  Not specified              Not specified  ...      0       2  USA hyper equipped          Gas        2820
5         apartment  €229900        2              B                         97  ...      0       1           Installed          Gas        6800
6         apartment  €295000        2              B                        184  ...      0       0                   0          Gas        2320
7         apartment  €430000        2              B                        111  ...     No       1           Installed          Gas        8620
8             house  €495000        6              F                        888  ...    Yes       0                   0     Fuel oil        1653
9             house  €495000        3              D                        312  ...      0       2           Installed          Gas        1380
10            house  €439000        3              E                        417  ...      0       1                   0          Gas        9620
11            house  €395000        4  Not specified              Not specified  ...      0       1                   0          Gas        8560
12            house  €389000        4              D                        344  ...      0       2                   0          Gas        8560
13            house  €349500        3              B                        148  ...      0       3  USA hyper equipped            0        2235
14            house  €225000        3              F                        564  ...      0       1                   0     Fuel oil        2220
15            house  €479000        4              B                        170  ...      0       3      Hyper equipped          Gas        3150
16            house   €56000        2              G                        577  ...      0       1                   0            0          20
17            house  €220000        2              E                        375  ...      0       2           Installed     Fuel oil        6790
18            house  €749000        3              A                         77  ...      0       2           Installed            0        1980
19            house  €449000        3              F                        626  ...      0       0                   0     Electric        9255
20            house  €195000        3              F                        428  ...      0       0                   0     Fuel oil        1330
21            house  €459000        3              A                         59  ...     No       1           Installed          Gas        8900
22            house  €199000        6              E                        442  ...     No       0           Installed          Gas        8870

[23 rows x 21 columns]
[2023-11-06T10:49:49.496+0100] {taskinstance.py:1398} INFO - Marking task as SUCCESS. dag_id=cleaning_and_training_model1, task_id=scrape_data, execution_date=20230929T000000, start_date=20231106T094942, end_date=20231106T094949
[2023-11-06T10:49:49.657+0100] {local_task_job_runner.py:228} INFO - Task exited with return code 0
[2023-11-06T10:49:49.717+0100] {taskinstance.py:2776} INFO - 1 downstream tasks scheduled from follow-on schedule check
