[2023-11-06T10:43:33.177+0100] {taskinstance.py:1157} INFO - Dependencies all met for dep_context=non-requeueable deps ti=<TaskInstance: cleaning_and_training_model1.Scraping_url scheduled__2023-09-28T00:00:00+00:00 [queued]>
[2023-11-06T10:43:33.186+0100] {taskinstance.py:1157} INFO - Dependencies all met for dep_context=requeueable deps ti=<TaskInstance: cleaning_and_training_model1.Scraping_url scheduled__2023-09-28T00:00:00+00:00 [queued]>
[2023-11-06T10:43:33.187+0100] {taskinstance.py:1359} INFO - Starting attempt 1 of 4
[2023-11-06T10:43:33.338+0100] {taskinstance.py:1380} INFO - Executing <Task(PythonOperator): Scraping_url> on 2023-09-28 00:00:00+00:00
[2023-11-06T10:43:33.347+0100] {standard_task_runner.py:57} INFO - Started process 79553 to run task
[2023-11-06T10:43:33.354+0100] {standard_task_runner.py:84} INFO - Running: ['airflow', 'tasks', 'run', 'cleaning_and_training_model1', 'Scraping_url', 'scheduled__2023-09-28T00:00:00+00:00', '--job-id', '42', '--raw', '--subdir', 'DAGS_FOLDER/main.py', '--cfg-path', '/tmp/tmp2rqm91lk']
[2023-11-06T10:43:33.356+0100] {standard_task_runner.py:85} INFO - Job 42: Subtask Scraping_url
[2023-11-06T10:43:33.511+0100] {task_command.py:415} INFO - Running <TaskInstance: cleaning_and_training_model1.Scraping_url scheduled__2023-09-28T00:00:00+00:00 [running]> on host DESKTOP-OEHM1R6.
[2023-11-06T10:43:33.929+0100] {taskinstance.py:1660} INFO - Exporting env vars: AIRFLOW_CTX_DAG_OWNER='mythili' AIRFLOW_CTX_DAG_ID='cleaning_and_training_model1' AIRFLOW_CTX_TASK_ID='Scraping_url' AIRFLOW_CTX_EXECUTION_DATE='2023-09-28T00:00:00+00:00' AIRFLOW_CTX_TRY_NUMBER='1' AIRFLOW_CTX_DAG_RUN_ID='scheduled__2023-09-28T00:00:00+00:00'
[2023-11-06T10:43:34.931+0100] {logging_mixin.py:151} INFO - https://www.immoweb.be/en/search/apartment/for-sale?countries=BE&orderBy=newest&page=1
[2023-11-06T10:43:36.454+0100] {logging_mixin.py:151} INFO - list length:  30
[2023-11-06T10:43:38.457+0100] {logging_mixin.py:151} INFO - https://www.immoweb.be/en/search/apartment/for-sale?countries=BE&orderBy=newest&page=2
[2023-11-06T10:43:39.670+0100] {logging_mixin.py:151} INFO - list length:  60
[2023-11-06T10:43:42.674+0100] {logging_mixin.py:151} INFO - https://www.immoweb.be/en/search/house/for-sale?countries=BE&orderBy=newest&page=1
[2023-11-06T10:43:43.592+0100] {logging_mixin.py:151} INFO - list length:  90
[2023-11-06T10:43:46.596+0100] {logging_mixin.py:151} INFO - https://www.immoweb.be/en/search/house/for-sale?countries=BE&orderBy=newest&page=2
[2023-11-06T10:43:47.760+0100] {logging_mixin.py:151} INFO - list length:  120
[2023-11-06T10:43:47.768+0100] {python.py:194} INFO - Done. Returned value was: None
[2023-11-06T10:43:47.775+0100] {taskinstance.py:1398} INFO - Marking task as SUCCESS. dag_id=cleaning_and_training_model1, task_id=Scraping_url, execution_date=20230928T000000, start_date=20231106T094333, end_date=20231106T094347
[2023-11-06T10:43:48.004+0100] {local_task_job_runner.py:228} INFO - Task exited with return code 0
[2023-11-06T10:43:48.028+0100] {taskinstance.py:2776} INFO - 1 downstream tasks scheduled from follow-on schedule check
