[2023-11-06T10:25:34.704+0100] {taskinstance.py:1157} INFO - Dependencies all met for dep_context=non-requeueable deps ti=<TaskInstance: cleaning_and_training_model1.Scraping_url manual__2023-11-06T09:23:53.420399+00:00 [queued]>
[2023-11-06T10:25:34.714+0100] {taskinstance.py:1157} INFO - Dependencies all met for dep_context=requeueable deps ti=<TaskInstance: cleaning_and_training_model1.Scraping_url manual__2023-11-06T09:23:53.420399+00:00 [queued]>
[2023-11-06T10:25:34.714+0100] {taskinstance.py:1359} INFO - Starting attempt 1 of 4
[2023-11-06T10:25:34.834+0100] {taskinstance.py:1380} INFO - Executing <Task(PythonOperator): Scraping_url> on 2023-11-06 09:23:53.420399+00:00
[2023-11-06T10:25:34.841+0100] {standard_task_runner.py:57} INFO - Started process 67637 to run task
[2023-11-06T10:25:34.846+0100] {standard_task_runner.py:84} INFO - Running: ['airflow', 'tasks', 'run', 'cleaning_and_training_model1', 'Scraping_url', 'manual__2023-11-06T09:23:53.420399+00:00', '--job-id', '11', '--raw', '--subdir', 'DAGS_FOLDER/main.py', '--cfg-path', '/tmp/tmp7nlxjwr_']
[2023-11-06T10:25:34.848+0100] {standard_task_runner.py:85} INFO - Job 11: Subtask Scraping_url
[2023-11-06T10:25:34.998+0100] {task_command.py:415} INFO - Running <TaskInstance: cleaning_and_training_model1.Scraping_url manual__2023-11-06T09:23:53.420399+00:00 [running]> on host DESKTOP-OEHM1R6.
[2023-11-06T10:25:35.291+0100] {taskinstance.py:1660} INFO - Exporting env vars: AIRFLOW_CTX_DAG_OWNER='mythili' AIRFLOW_CTX_DAG_ID='cleaning_and_training_model1' AIRFLOW_CTX_TASK_ID='Scraping_url' AIRFLOW_CTX_EXECUTION_DATE='2023-11-06T09:23:53.420399+00:00' AIRFLOW_CTX_TRY_NUMBER='1' AIRFLOW_CTX_DAG_RUN_ID='manual__2023-11-06T09:23:53.420399+00:00'
[2023-11-06T10:25:37.296+0100] {logging_mixin.py:151} INFO - https://www.immoweb.be/en/search/apartment/for-sale?countries=BE&orderBy=newest&page=1
[2023-11-06T10:25:38.295+0100] {logging_mixin.py:151} INFO - list length:  30
[2023-11-06T10:25:39.297+0100] {logging_mixin.py:151} INFO - https://www.immoweb.be/en/search/apartment/for-sale?countries=BE&orderBy=newest&page=2
[2023-11-06T10:25:40.364+0100] {logging_mixin.py:151} INFO - list length:  60
[2023-11-06T10:25:41.366+0100] {logging_mixin.py:151} INFO - https://www.immoweb.be/en/search/house/for-sale?countries=BE&orderBy=newest&page=1
[2023-11-06T10:25:42.255+0100] {logging_mixin.py:151} INFO - list length:  90
[2023-11-06T10:25:43.257+0100] {logging_mixin.py:151} INFO - https://www.immoweb.be/en/search/house/for-sale?countries=BE&orderBy=newest&page=2
[2023-11-06T10:25:44.151+0100] {logging_mixin.py:151} INFO - list length:  120
[2023-11-06T10:25:44.161+0100] {python.py:194} INFO - Done. Returned value was: None
[2023-11-06T10:25:44.174+0100] {taskinstance.py:1398} INFO - Marking task as SUCCESS. dag_id=cleaning_and_training_model1, task_id=Scraping_url, execution_date=20231106T092353, start_date=20231106T092534, end_date=20231106T092544
[2023-11-06T10:25:44.337+0100] {local_task_job_runner.py:228} INFO - Task exited with return code 0
[2023-11-06T10:25:44.360+0100] {taskinstance.py:2776} INFO - 1 downstream tasks scheduled from follow-on schedule check
