[2023-11-06T10:44:11.989+0100] {taskinstance.py:1157} INFO - Dependencies all met for dep_context=non-requeueable deps ti=<TaskInstance: cleaning_and_training_model1.scrape_data scheduled__2023-09-27T00:00:00+00:00 [queued]>
[2023-11-06T10:44:12.002+0100] {taskinstance.py:1157} INFO - Dependencies all met for dep_context=requeueable deps ti=<TaskInstance: cleaning_and_training_model1.scrape_data scheduled__2023-09-27T00:00:00+00:00 [queued]>
[2023-11-06T10:44:12.002+0100] {taskinstance.py:1359} INFO - Starting attempt 1 of 4
[2023-11-06T10:44:12.115+0100] {taskinstance.py:1380} INFO - Executing <Task(PythonOperator): scrape_data> on 2023-09-27 00:00:00+00:00
[2023-11-06T10:44:12.123+0100] {standard_task_runner.py:57} INFO - Started process 80022 to run task
[2023-11-06T10:44:12.128+0100] {standard_task_runner.py:84} INFO - Running: ['airflow', 'tasks', 'run', 'cleaning_and_training_model1', 'scrape_data', 'scheduled__2023-09-27T00:00:00+00:00', '--job-id', '43', '--raw', '--subdir', 'DAGS_FOLDER/main.py', '--cfg-path', '/tmp/tmpcdenx1lx']
[2023-11-06T10:44:12.130+0100] {standard_task_runner.py:85} INFO - Job 43: Subtask scrape_data
[2023-11-06T10:44:12.276+0100] {task_command.py:415} INFO - Running <TaskInstance: cleaning_and_training_model1.scrape_data scheduled__2023-09-27T00:00:00+00:00 [running]> on host DESKTOP-OEHM1R6.
[2023-11-06T10:44:12.574+0100] {taskinstance.py:1660} INFO - Exporting env vars: AIRFLOW_CTX_DAG_OWNER='mythili' AIRFLOW_CTX_DAG_ID='cleaning_and_training_model1' AIRFLOW_CTX_TASK_ID='scrape_data' AIRFLOW_CTX_EXECUTION_DATE='2023-09-27T00:00:00+00:00' AIRFLOW_CTX_TRY_NUMBER='1' AIRFLOW_CTX_DAG_RUN_ID='scheduled__2023-09-27T00:00:00+00:00'
[2023-11-06T10:44:12.576+0100] {logging_mixin.py:151} INFO - created merged--
[2023-11-06T10:44:12.576+0100] {logging_mixin.py:151} INFO - opend merged--
[2023-11-06T10:44:15.047+0100] {logging_mixin.py:151} INFO - [{'Type_of_property': 'apartment', 'Price': '€229900', 'Bedrooms': '2', 'Energy class': 'B', 'Primary energy consumption': '97', 'Furnished': 'No', 'Terrace': 0, 'Terrace surface': '9', 'Surface of the plot': 0, 'Living room surface': '24', 'Number of frontages': '2', 'Construction year': '2015', 'Building condition': 'As new', 'Outdoor parking space': 0, 'Bathrooms': '1', 'Shower rooms': 0, 'Office': 0, 'Toilets': '1', 'Kitchen type': 'Installed', 'Heating type': 'Gas', 'postal code': '6800'}]
[2023-11-06T10:44:15.426+0100] {logging_mixin.py:151} INFO - [{'Type_of_property': 'apartment', 'Price': '€199000', 'Bedrooms': '2', 'Energy class': 'C', 'Primary energy consumption': '236', 'Furnished': 0, 'Terrace': 0, 'Terrace surface': '4', 'Surface of the plot': 0, 'Living room surface': '30', 'Number of frontages': '2', 'Construction year': '1976', 'Building condition': 'Good', 'Outdoor parking space': 0, 'Bathrooms': '1', 'Shower rooms': 0, 'Office': 0, 'Toilets': '1', 'Kitchen type': 'Installed', 'Heating type': 0, 'postal code': '2610'}]
[2023-11-06T10:44:15.486+0100] {logging_mixin.py:151} INFO - [{'Type_of_property': 'apartment', 'Price': '€349000', 'Bedrooms': '3', 'Energy class': 'B', 'Primary energy consumption': '184', 'Furnished': 0, 'Terrace': 0, 'Terrace surface': '5', 'Surface of the plot': 0, 'Living room surface': '47', 'Number of frontages': '4', 'Construction year': '1974', 'Building condition': 'Just renovated', 'Outdoor parking space': 0, 'Bathrooms': '1', 'Shower rooms': '1', 'Office': 0, 'Toilets': '2', 'Kitchen type': 'Installed', 'Heating type': 'Gas', 'postal code': '2600'}]
[2023-11-06T10:44:15.790+0100] {logging_mixin.py:151} INFO - [{'Type_of_property': 'apartment', 'Price': '€279000', 'Bedrooms': '2', 'Energy class': 'G', 'Primary energy consumption': '489', 'Furnished': 'No', 'Terrace': 0, 'Terrace surface': 0, 'Surface of the plot': 0, 'Living room surface': '26', 'Number of frontages': '2', 'Construction year': '1958', 'Building condition': 'To be done up', 'Outdoor parking space': 0, 'Bathrooms': '1', 'Shower rooms': '1', 'Office': 0, 'Toilets': '1', 'Kitchen type': 'Installed', 'Heating type': 'Gas', 'postal code': '1080'}]
[2023-11-06T10:44:15.873+0100] {logging_mixin.py:151} INFO - [{'Type_of_property': 'house', 'Price': '€595000', 'Bedrooms': '4', 'Energy class': 'Not specified', 'Primary energy consumption': 'Not specified', 'Furnished': 0, 'Terrace': 'Yes', 'Terrace surface': 0, 'Surface of the plot': '258', 'Living room surface': 0, 'Number of frontages': 0, 'Construction year': 0, 'Building condition': 'To restore', 'Outdoor parking space': 0, 'Bathrooms': '3', 'Shower rooms': 0, 'Office': 0, 'Toilets': '3', 'Kitchen type': 0, 'Heating type': 0, 'postal code': '8420'}]
[2023-11-06T10:44:15.917+0100] {logging_mixin.py:151} INFO - [{'Type_of_property': 'apartment', 'Price': '€65000', 'Bedrooms': '1', 'Energy class': 'D', 'Primary energy consumption': 'Not specified', 'Furnished': 0, 'Terrace': 0, 'Terrace surface': '1', 'Surface of the plot': 0, 'Living room surface': '20', 'Number of frontages': '2', 'Construction year': 0, 'Building condition': 'To be done up', 'Outdoor parking space': 0, 'Bathrooms': '1', 'Shower rooms': 0, 'Office': 'No', 'Toilets': '1', 'Kitchen type': 0, 'Heating type': 0, 'postal code': '6061'}]
[2023-11-06T10:44:15.946+0100] {logging_mixin.py:151} INFO - [{'Type_of_property': 'apartment', 'Price': '€295000', 'Bedrooms': '2', 'Energy class': 'B', 'Primary energy consumption': '184', 'Furnished': 0, 'Terrace': 0, 'Terrace surface': '12', 'Surface of the plot': 0, 'Living room surface': 0, 'Number of frontages': '4', 'Construction year': '2003', 'Building condition': 'Good', 'Outdoor parking space': 0, 'Bathrooms': '1', 'Shower rooms': 0, 'Office': 0, 'Toilets': 0, 'Kitchen type': 0, 'Heating type': 'Gas', 'postal code': '2320'}]
[2023-11-06T10:44:16.049+0100] {logging_mixin.py:151} INFO - [{'Type_of_property': 'apartment', 'Price': '€109000', 'Bedrooms': '1', 'Energy class': 'E', 'Primary energy consumption': '425', 'Furnished': 'No', 'Terrace': 'Yes', 'Terrace surface': 0, 'Surface of the plot': 0, 'Living room surface': '24', 'Number of frontages': '2', 'Construction year': 0, 'Building condition': 'Good', 'Outdoor parking space': 0, 'Bathrooms': '1', 'Shower rooms': 0, 'Office': 0, 'Toilets': '1', 'Kitchen type': 0, 'Heating type': 'Fuel oil', 'postal code': '20'}]
[2023-11-06T10:44:16.208+0100] {logging_mixin.py:151} INFO - [{'Type_of_property': 'apartment', 'Price': '€1300000', 'Bedrooms': '3', 'Energy class': 'B', 'Primary energy consumption': '113', 'Furnished': 0, 'Terrace': 0, 'Terrace surface': '12', 'Surface of the plot': 0, 'Living room surface': 0, 'Number of frontages': '2', 'Construction year': '1966', 'Building condition': 'Good', 'Outdoor parking space': 0, 'Bathrooms': '3', 'Shower rooms': '3', 'Office': 0, 'Toilets': '2', 'Kitchen type': 'USA installed', 'Heating type': 'Gas', 'postal code': '8300'}]
[2023-11-06T10:44:16.288+0100] {logging_mixin.py:151} INFO - [{'Type_of_property': 'apartment', 'Price': '€512000', 'Bedrooms': '4', 'Energy class': 'Not specified', 'Primary energy consumption': 'Not specified', 'Furnished': 0, 'Terrace': 0, 'Terrace surface': '24', 'Surface of the plot': 0, 'Living room surface': '70', 'Number of frontages': '2', 'Construction year': '2007', 'Building condition': 'Good', 'Outdoor parking space': 0, 'Bathrooms': '2', 'Shower rooms': 0, 'Office': 0, 'Toilets': '2', 'Kitchen type': 'USA hyper equipped', 'Heating type': 'Gas', 'postal code': '2820'}]
[2023-11-06T10:44:16.317+0100] {logging_mixin.py:151} INFO - [{'Type_of_property': 'house', 'Price': '€495000', 'Bedrooms': '3', 'Energy class': 'D', 'Primary energy consumption': '312', 'Furnished': 0, 'Terrace': 'Yes', 'Terrace surface': 0, 'Surface of the plot': '510', 'Living room surface': '38', 'Number of frontages': '2', 'Construction year': '1930', 'Building condition': 'Just renovated', 'Outdoor parking space': 0, 'Bathrooms': '1', 'Shower rooms': 0, 'Office': 0, 'Toilets': '2', 'Kitchen type': 'Installed', 'Heating type': 'Gas', 'postal code': '1380'}]
[2023-11-06T10:44:16.509+0100] {logging_mixin.py:151} INFO - [{'Type_of_property': 'house', 'Price': '€495000', 'Bedrooms': '6', 'Energy class': 'F', 'Primary energy consumption': '888', 'Furnished': 'No', 'Terrace': 'Yes', 'Terrace surface': 0, 'Surface of the plot': '3510', 'Living room surface': 0, 'Number of frontages': '4', 'Construction year': '1874', 'Building condition': 'To renovate', 'Outdoor parking space': 0, 'Bathrooms': '1', 'Shower rooms': 0, 'Office': 'Yes', 'Toilets': 0, 'Kitchen type': 0, 'Heating type': 'Fuel oil', 'postal code': '1653'}]
[2023-11-06T10:44:16.527+0100] {logging_mixin.py:151} INFO - [{'Type_of_property': 'house', 'Price': '€439000', 'Bedrooms': '3', 'Energy class': 'E', 'Primary energy consumption': '417', 'Furnished': 0, 'Terrace': 'Yes', 'Terrace surface': 0, 'Surface of the plot': '1278', 'Living room surface': '35', 'Number of frontages': '3', 'Construction year': 0, 'Building condition': 'Good', 'Outdoor parking space': 0, 'Bathrooms': '2', 'Shower rooms': 0, 'Office': 0, 'Toilets': '1', 'Kitchen type': 0, 'Heating type': 'Gas', 'postal code': '9620'}]
[2023-11-06T10:44:17.026+0100] {logging_mixin.py:151} INFO - [{'Type_of_property': 'house', 'Price': '€395000', 'Bedrooms': '4', 'Energy class': 'Not specified', 'Primary energy consumption': 'Not specified', 'Furnished': 0, 'Terrace': 'Yes', 'Terrace surface': 0, 'Surface of the plot': '574', 'Living room surface': 0, 'Number of frontages': 0, 'Construction year': 0, 'Building condition': 'Good', 'Outdoor parking space': 0, 'Bathrooms': '1', 'Shower rooms': 0, 'Office': 0, 'Toilets': '1', 'Kitchen type': 0, 'Heating type': 'Gas', 'postal code': '8560'}]
[2023-11-06T10:44:17.374+0100] {logging_mixin.py:151} INFO - [{'Type_of_property': 'house', 'Price': '€389000', 'Bedrooms': '4', 'Energy class': 'D', 'Primary energy consumption': '344', 'Furnished': 0, 'Terrace': 'Yes', 'Terrace surface': 0, 'Surface of the plot': '595', 'Living room surface': 0, 'Number of frontages': 0, 'Construction year': 0, 'Building condition': 'Good', 'Outdoor parking space': 0, 'Bathrooms': '1', 'Shower rooms': 0, 'Office': 0, 'Toilets': '2', 'Kitchen type': 0, 'Heating type': 'Gas', 'postal code': '8560'}]
[2023-11-06T10:44:17.848+0100] {logging_mixin.py:151} INFO - [{'Type_of_property': 'house', 'Price': '€225000', 'Bedrooms': '3', 'Energy class': 'F', 'Primary energy consumption': '564', 'Furnished': 0, 'Terrace': 'Yes', 'Terrace surface': 0, 'Surface of the plot': '265', 'Living room surface': 0, 'Number of frontages': '2', 'Construction year': '1936', 'Building condition': 'To renovate', 'Outdoor parking space': 0, 'Bathrooms': '1', 'Shower rooms': 0, 'Office': 0, 'Toilets': '1', 'Kitchen type': 0, 'Heating type': 'Fuel oil', 'postal code': '2220'}]
[2023-11-06T10:44:17.919+0100] {logging_mixin.py:151} INFO - [{'Type_of_property': 'house', 'Price': '€349500', 'Bedrooms': '3', 'Energy class': 'B', 'Primary energy consumption': '148', 'Furnished': 'No', 'Terrace': 0, 'Terrace surface': '12', 'Surface of the plot': 0, 'Living room surface': 0, 'Number of frontages': '2', 'Construction year': 0, 'Building condition': 'Good', 'Outdoor parking space': 0, 'Bathrooms': '1', 'Shower rooms': 0, 'Office': 0, 'Toilets': '3', 'Kitchen type': 'USA hyper equipped', 'Heating type': 0, 'postal code': '2235'}]
[2023-11-06T10:44:18.071+0100] {logging_mixin.py:151} INFO - [{'Type_of_property': 'house', 'Price': '€479000', 'Bedrooms': '4', 'Energy class': 'B', 'Primary energy consumption': '170', 'Furnished': 0, 'Terrace': 'Yes', 'Terrace surface': 0, 'Surface of the plot': '842', 'Living room surface': 0, 'Number of frontages': '4', 'Construction year': '1990', 'Building condition': 0, 'Outdoor parking space': 0, 'Bathrooms': '1', 'Shower rooms': 0, 'Office': 0, 'Toilets': '3', 'Kitchen type': 'Hyper equipped', 'Heating type': 'Gas', 'postal code': '3150'}]
[2023-11-06T10:44:18.155+0100] {logging_mixin.py:151} INFO - [{'Type_of_property': 'house', 'Price': '€220000', 'Bedrooms': '2', 'Energy class': 'E', 'Primary energy consumption': '375', 'Furnished': 'No', 'Terrace': 0, 'Terrace surface': '45', 'Surface of the plot': '684', 'Living room surface': '17', 'Number of frontages': '3', 'Construction year': 0, 'Building condition': 'Good', 'Outdoor parking space': 0, 'Bathrooms': '2', 'Shower rooms': '1', 'Office': 0, 'Toilets': '2', 'Kitchen type': 'Installed', 'Heating type': 'Fuel oil', 'postal code': '6790'}]
[2023-11-06T10:44:18.224+0100] {logging_mixin.py:151} INFO - [{'Type_of_property': 'house', 'Price': '€749000', 'Bedrooms': '3', 'Energy class': 'A', 'Primary energy consumption': '77', 'Furnished': 'No', 'Terrace': 0, 'Terrace surface': '200', 'Surface of the plot': '2295', 'Living room surface': '76', 'Number of frontages': '3', 'Construction year': '1938', 'Building condition': 'Good', 'Outdoor parking space': 0, 'Bathrooms': '1', 'Shower rooms': 0, 'Office': 0, 'Toilets': '2', 'Kitchen type': 'Installed', 'Heating type': 0, 'postal code': '1980'}]
[2023-11-06T10:44:18.285+0100] {logging_mixin.py:151} INFO - [{'Type_of_property': 'house', 'Price': '€195000', 'Bedrooms': '3', 'Energy class': 'F', 'Primary energy consumption': '428', 'Furnished': 'No', 'Terrace': 0, 'Terrace surface': 0, 'Surface of the plot': '117', 'Living room surface': '34', 'Number of frontages': '3', 'Construction year': '1890', 'Building condition': 0, 'Outdoor parking space': 0, 'Bathrooms': 0, 'Shower rooms': '1', 'Office': 0, 'Toilets': 0, 'Kitchen type': 0, 'Heating type': 'Fuel oil', 'postal code': '1330'}]
[2023-11-06T10:44:18.335+0100] {logging_mixin.py:151} INFO - [{'Type_of_property': 'house', 'Price': '€56000', 'Bedrooms': '2', 'Energy class': 'G', 'Primary energy consumption': '577', 'Furnished': 'No', 'Terrace': 0, 'Terrace surface': 0, 'Surface of the plot': 0, 'Living room surface': 0, 'Number of frontages': '3', 'Construction year': 0, 'Building condition': 'To renovate', 'Outdoor parking space': 0, 'Bathrooms': '1', 'Shower rooms': 0, 'Office': 0, 'Toilets': '1', 'Kitchen type': 0, 'Heating type': 0, 'postal code': '20'}]
[2023-11-06T10:44:18.393+0100] {logging_mixin.py:151} INFO - [{'Type_of_property': 'house', 'Price': '€449000', 'Bedrooms': '3', 'Energy class': 'F', 'Primary energy consumption': '626', 'Furnished': 0, 'Terrace': 'Yes', 'Terrace surface': 0, 'Surface of the plot': '5707', 'Living room surface': 0, 'Number of frontages': '4', 'Construction year': '1982', 'Building condition': 'To renovate', 'Outdoor parking space': 0, 'Bathrooms': '1', 'Shower rooms': 0, 'Office': 0, 'Toilets': 0, 'Kitchen type': 0, 'Heating type': 'Electric', 'postal code': '9255'}]
[2023-11-06T10:44:18.395+0100] {logging_mixin.py:151} INFO - scraped house details--
[2023-11-06T10:44:18.395+0100] {logging_mixin.py:151} INFO - Time Taken: 5.818398s
[2023-11-06T10:44:18.395+0100] {logging_mixin.py:151} INFO - skipped urls:  []
[2023-11-06T10:44:18.403+0100] {logging_mixin.py:151} INFO - created scraped csv---
[2023-11-06T10:44:18.403+0100] {python.py:194} INFO - Done. Returned value was:    Type_of_property     Price Bedrooms   Energy class Primary energy consumption  ... Office Toilets        Kitchen type Heating type postal code
0         apartment  €1300000        3              B                        113  ...      0       2       USA installed          Gas        8300
1         apartment    €65000        1              D              Not specified  ...     No       1                   0            0        6061
2         apartment   €199000        2              C                        236  ...      0       1           Installed            0        2610
3         apartment   €349000        3              B                        184  ...      0       2           Installed          Gas        2600
4         apartment   €279000        2              G                        489  ...      0       1           Installed          Gas        1080
5         apartment   €109000        1              E                        425  ...      0       1                   0     Fuel oil          20
6         apartment   €512000        4  Not specified              Not specified  ...      0       2  USA hyper equipped          Gas        2820
7         apartment   €229900        2              B                         97  ...      0       1           Installed          Gas        6800
8         apartment   €295000        2              B                        184  ...      0       0                   0          Gas        2320
9             house   €595000        4  Not specified              Not specified  ...      0       3                   0            0        8420
10            house   €495000        6              F                        888  ...    Yes       0                   0     Fuel oil        1653
11            house   €495000        3              D                        312  ...      0       2           Installed          Gas        1380
12            house   €439000        3              E                        417  ...      0       1                   0          Gas        9620
13            house   €395000        4  Not specified              Not specified  ...      0       1                   0          Gas        8560
14            house   €389000        4              D                        344  ...      0       2                   0          Gas        8560
15            house   €349500        3              B                        148  ...      0       3  USA hyper equipped            0        2235
16            house   €225000        3              F                        564  ...      0       1                   0     Fuel oil        2220
17            house   €479000        4              B                        170  ...      0       3      Hyper equipped          Gas        3150
18            house    €56000        2              G                        577  ...      0       1                   0            0          20
19            house   €220000        2              E                        375  ...      0       2           Installed     Fuel oil        6790
20            house   €749000        3              A                         77  ...      0       2           Installed            0        1980
21            house   €449000        3              F                        626  ...      0       0                   0     Electric        9255
22            house   €195000        3              F                        428  ...      0       0                   0     Fuel oil        1330

[23 rows x 21 columns]
[2023-11-06T10:44:18.642+0100] {taskinstance.py:1398} INFO - Marking task as SUCCESS. dag_id=cleaning_and_training_model1, task_id=scrape_data, execution_date=20230927T000000, start_date=20231106T094411, end_date=20231106T094418
[2023-11-06T10:44:18.779+0100] {local_task_job_runner.py:228} INFO - Task exited with return code 0
[2023-11-06T10:44:18.807+0100] {taskinstance.py:2776} INFO - 1 downstream tasks scheduled from follow-on schedule check
