[2023-11-06T10:11:28.019+0100] {processor.py:157} INFO - Started process (PID=62428) to work on /home/mythili/becode/ImmoEliza_pipeline/airflow/dags/src/scrape_url.py
[2023-11-06T10:11:28.020+0100] {processor.py:829} INFO - Processing file /home/mythili/becode/ImmoEliza_pipeline/airflow/dags/src/scrape_url.py for tasks to queue
[2023-11-06T10:11:28.022+0100] {logging_mixin.py:151} INFO - [2023-11-06T10:11:28.021+0100] {dagbag.py:539} INFO - Filling up the DagBag from /home/mythili/becode/ImmoEliza_pipeline/airflow/dags/src/scrape_url.py
[2023-11-06T10:11:31.140+0100] {logging_mixin.py:151} INFO - https://www.immoweb.be/en/search/apartment/for-sale?countries=BE&orderBy=newest&page=1
[2023-11-06T10:11:32.064+0100] {logging_mixin.py:151} INFO - list length:  30
[2023-11-06T10:11:35.068+0100] {logging_mixin.py:151} INFO - https://www.immoweb.be/en/search/apartment/for-sale?countries=BE&orderBy=newest&page=2
[2023-11-06T10:11:36.041+0100] {logging_mixin.py:151} INFO - list length:  60
[2023-11-06T10:11:39.045+0100] {logging_mixin.py:151} INFO - https://www.immoweb.be/en/search/house/for-sale?countries=BE&orderBy=newest&page=1
[2023-11-06T10:11:40.090+0100] {logging_mixin.py:151} INFO - list length:  90
[2023-11-06T10:11:43.094+0100] {logging_mixin.py:151} INFO - https://www.immoweb.be/en/search/house/for-sale?countries=BE&orderBy=newest&page=2
[2023-11-06T10:11:44.174+0100] {logging_mixin.py:151} INFO - list length:  120
[2023-11-06T10:11:44.180+0100] {logging_mixin.py:151} INFO - Time Taken: 16.043706s
[2023-11-06T10:11:44.181+0100] {processor.py:841} WARNING - No viable dags retrieved from /home/mythili/becode/ImmoEliza_pipeline/airflow/dags/src/scrape_url.py
[2023-11-06T10:11:44.189+0100] {processor.py:179} INFO - Processing /home/mythili/becode/ImmoEliza_pipeline/airflow/dags/src/scrape_url.py took 16.173 seconds
[2023-11-06T10:12:31.750+0100] {processor.py:157} INFO - Started process (PID=62619) to work on /home/mythili/becode/ImmoEliza_pipeline/airflow/dags/src/scrape_url.py
[2023-11-06T10:12:31.752+0100] {processor.py:829} INFO - Processing file /home/mythili/becode/ImmoEliza_pipeline/airflow/dags/src/scrape_url.py for tasks to queue
[2023-11-06T10:12:31.753+0100] {logging_mixin.py:151} INFO - [2023-11-06T10:12:31.753+0100] {dagbag.py:539} INFO - Filling up the DagBag from /home/mythili/becode/ImmoEliza_pipeline/airflow/dags/src/scrape_url.py
[2023-11-06T10:12:32.854+0100] {logging_mixin.py:151} INFO - https://www.immoweb.be/en/search/apartment/for-sale?countries=BE&orderBy=newest&page=1
[2023-11-06T10:12:33.935+0100] {logging_mixin.py:151} INFO - list length:  30
[2023-11-06T10:12:35.940+0100] {logging_mixin.py:151} INFO - https://www.immoweb.be/en/search/apartment/for-sale?countries=BE&orderBy=newest&page=2
[2023-11-06T10:12:36.948+0100] {logging_mixin.py:151} INFO - list length:  60
[2023-11-06T10:12:38.951+0100] {logging_mixin.py:151} INFO - https://www.immoweb.be/en/search/house/for-sale?countries=BE&orderBy=newest&page=1
[2023-11-06T10:12:40.108+0100] {logging_mixin.py:151} INFO - list length:  90
[2023-11-06T10:12:43.112+0100] {logging_mixin.py:151} INFO - https://www.immoweb.be/en/search/house/for-sale?countries=BE&orderBy=newest&page=2
[2023-11-06T10:12:44.283+0100] {logging_mixin.py:151} INFO - list length:  120
[2023-11-06T10:12:44.290+0100] {logging_mixin.py:151} INFO - Time Taken: 12.436619s
[2023-11-06T10:12:44.290+0100] {processor.py:841} WARNING - No viable dags retrieved from /home/mythili/becode/ImmoEliza_pipeline/airflow/dags/src/scrape_url.py
[2023-11-06T10:12:44.297+0100] {processor.py:179} INFO - Processing /home/mythili/becode/ImmoEliza_pipeline/airflow/dags/src/scrape_url.py took 12.550 seconds
[2023-11-06T10:13:23.920+0100] {processor.py:157} INFO - Started process (PID=62786) to work on /home/mythili/becode/ImmoEliza_pipeline/airflow/dags/src/scrape_url.py
[2023-11-06T10:13:23.922+0100] {processor.py:829} INFO - Processing file /home/mythili/becode/ImmoEliza_pipeline/airflow/dags/src/scrape_url.py for tasks to queue
[2023-11-06T10:13:23.923+0100] {logging_mixin.py:151} INFO - [2023-11-06T10:13:23.923+0100] {dagbag.py:539} INFO - Filling up the DagBag from /home/mythili/becode/ImmoEliza_pipeline/airflow/dags/src/scrape_url.py
[2023-11-06T10:13:26.021+0100] {logging_mixin.py:151} INFO - https://www.immoweb.be/en/search/apartment/for-sale?countries=BE&orderBy=newest&page=1
[2023-11-06T10:13:27.033+0100] {logging_mixin.py:151} INFO - list length:  30
[2023-11-06T10:13:28.035+0100] {logging_mixin.py:151} INFO - https://www.immoweb.be/en/search/apartment/for-sale?countries=BE&orderBy=newest&page=2
[2023-11-06T10:13:28.979+0100] {logging_mixin.py:151} INFO - list length:  60
[2023-11-06T10:13:29.981+0100] {logging_mixin.py:151} INFO - https://www.immoweb.be/en/search/house/for-sale?countries=BE&orderBy=newest&page=1
[2023-11-06T10:13:31.166+0100] {logging_mixin.py:151} INFO - list length:  90
[2023-11-06T10:13:34.170+0100] {logging_mixin.py:151} INFO - https://www.immoweb.be/en/search/house/for-sale?countries=BE&orderBy=newest&page=2
[2023-11-06T10:13:35.325+0100] {logging_mixin.py:151} INFO - list length:  120
[2023-11-06T10:13:35.333+0100] {logging_mixin.py:151} INFO - Time Taken: 11.313507s
[2023-11-06T10:13:35.334+0100] {processor.py:841} WARNING - No viable dags retrieved from /home/mythili/becode/ImmoEliza_pipeline/airflow/dags/src/scrape_url.py
[2023-11-06T10:13:35.342+0100] {processor.py:179} INFO - Processing /home/mythili/becode/ImmoEliza_pipeline/airflow/dags/src/scrape_url.py took 11.424 seconds
[2023-11-06T10:22:01.307+0100] {processor.py:157} INFO - Started process (PID=65973) to work on /home/mythili/becode/ImmoEliza_pipeline/airflow/dags/src/scrape_url.py
[2023-11-06T10:22:01.369+0100] {processor.py:829} INFO - Processing file /home/mythili/becode/ImmoEliza_pipeline/airflow/dags/src/scrape_url.py for tasks to queue
[2023-11-06T10:22:01.370+0100] {logging_mixin.py:151} INFO - [2023-11-06T10:22:01.370+0100] {dagbag.py:539} INFO - Filling up the DagBag from /home/mythili/becode/ImmoEliza_pipeline/airflow/dags/src/scrape_url.py
[2023-11-06T10:22:04.488+0100] {logging_mixin.py:151} INFO - https://www.immoweb.be/en/search/apartment/for-sale?countries=BE&orderBy=newest&page=1
[2023-11-06T10:22:05.569+0100] {logging_mixin.py:151} INFO - list length:  30
[2023-11-06T10:22:07.572+0100] {logging_mixin.py:151} INFO - https://www.immoweb.be/en/search/apartment/for-sale?countries=BE&orderBy=newest&page=2
[2023-11-06T10:22:08.381+0100] {logging_mixin.py:151} INFO - list length:  60
[2023-11-06T10:22:09.383+0100] {logging_mixin.py:151} INFO - https://www.immoweb.be/en/search/house/for-sale?countries=BE&orderBy=newest&page=1
[2023-11-06T10:22:10.445+0100] {logging_mixin.py:151} INFO - list length:  90
[2023-11-06T10:22:12.447+0100] {logging_mixin.py:151} INFO - https://www.immoweb.be/en/search/house/for-sale?countries=BE&orderBy=newest&page=2
[2023-11-06T10:22:13.538+0100] {logging_mixin.py:151} INFO - list length:  120
[2023-11-06T10:22:13.545+0100] {logging_mixin.py:151} INFO - Time Taken: 12.060272s
[2023-11-06T10:22:13.546+0100] {processor.py:841} WARNING - No viable dags retrieved from /home/mythili/becode/ImmoEliza_pipeline/airflow/dags/src/scrape_url.py
[2023-11-06T10:22:13.553+0100] {processor.py:179} INFO - Processing /home/mythili/becode/ImmoEliza_pipeline/airflow/dags/src/scrape_url.py took 12.249 seconds
[2023-11-06T10:22:56.026+0100] {processor.py:157} INFO - Started process (PID=66292) to work on /home/mythili/becode/ImmoEliza_pipeline/airflow/dags/src/scrape_url.py
[2023-11-06T10:22:56.117+0100] {processor.py:829} INFO - Processing file /home/mythili/becode/ImmoEliza_pipeline/airflow/dags/src/scrape_url.py for tasks to queue
[2023-11-06T10:22:56.118+0100] {logging_mixin.py:151} INFO - [2023-11-06T10:22:56.118+0100] {dagbag.py:539} INFO - Filling up the DagBag from /home/mythili/becode/ImmoEliza_pipeline/airflow/dags/src/scrape_url.py
[2023-11-06T10:22:57.223+0100] {logging_mixin.py:151} INFO - https://www.immoweb.be/en/search/apartment/for-sale?countries=BE&orderBy=newest&page=1
[2023-11-06T10:22:58.723+0100] {logging_mixin.py:151} INFO - list length:  30
[2023-11-06T10:23:00.726+0100] {logging_mixin.py:151} INFO - https://www.immoweb.be/en/search/apartment/for-sale?countries=BE&orderBy=newest&page=2
[2023-11-06T10:23:01.662+0100] {logging_mixin.py:151} INFO - list length:  60
[2023-11-06T10:23:03.665+0100] {logging_mixin.py:151} INFO - https://www.immoweb.be/en/search/house/for-sale?countries=BE&orderBy=newest&page=1
[2023-11-06T10:23:04.828+0100] {logging_mixin.py:151} INFO - list length:  90
[2023-11-06T10:23:06.831+0100] {logging_mixin.py:151} INFO - https://www.immoweb.be/en/search/house/for-sale?countries=BE&orderBy=newest&page=2
[2023-11-06T10:23:08.036+0100] {logging_mixin.py:151} INFO - list length:  120
[2023-11-06T10:23:08.043+0100] {logging_mixin.py:151} INFO - Time Taken: 11.821079s
[2023-11-06T10:23:08.044+0100] {processor.py:841} WARNING - No viable dags retrieved from /home/mythili/becode/ImmoEliza_pipeline/airflow/dags/src/scrape_url.py
[2023-11-06T10:23:08.050+0100] {processor.py:179} INFO - Processing /home/mythili/becode/ImmoEliza_pipeline/airflow/dags/src/scrape_url.py took 12.027 seconds
[2023-11-06T10:23:53.898+0100] {processor.py:157} INFO - Started process (PID=66606) to work on /home/mythili/becode/ImmoEliza_pipeline/airflow/dags/src/scrape_url.py
[2023-11-06T10:23:53.910+0100] {processor.py:829} INFO - Processing file /home/mythili/becode/ImmoEliza_pipeline/airflow/dags/src/scrape_url.py for tasks to queue
[2023-11-06T10:23:53.911+0100] {logging_mixin.py:151} INFO - [2023-11-06T10:23:53.910+0100] {dagbag.py:539} INFO - Filling up the DagBag from /home/mythili/becode/ImmoEliza_pipeline/airflow/dags/src/scrape_url.py
[2023-11-06T10:23:57.018+0100] {logging_mixin.py:151} INFO - https://www.immoweb.be/en/search/apartment/for-sale?countries=BE&orderBy=newest&page=1
[2023-11-06T10:23:58.104+0100] {logging_mixin.py:151} INFO - list length:  30
[2023-11-06T10:24:00.107+0100] {logging_mixin.py:151} INFO - https://www.immoweb.be/en/search/apartment/for-sale?countries=BE&orderBy=newest&page=2
[2023-11-06T10:24:01.512+0100] {logging_mixin.py:151} INFO - list length:  60
[2023-11-06T10:24:04.516+0100] {logging_mixin.py:151} INFO - https://www.immoweb.be/en/search/house/for-sale?countries=BE&orderBy=newest&page=1
[2023-11-06T10:24:05.523+0100] {logging_mixin.py:151} INFO - list length:  90
[2023-11-06T10:24:06.525+0100] {logging_mixin.py:151} INFO - https://www.immoweb.be/en/search/house/for-sale?countries=BE&orderBy=newest&page=2
[2023-11-06T10:24:07.589+0100] {logging_mixin.py:151} INFO - list length:  120
[2023-11-06T10:24:07.596+0100] {logging_mixin.py:151} INFO - Time Taken: 13.581759s
[2023-11-06T10:24:07.597+0100] {processor.py:841} WARNING - No viable dags retrieved from /home/mythili/becode/ImmoEliza_pipeline/airflow/dags/src/scrape_url.py
[2023-11-06T10:24:07.605+0100] {processor.py:179} INFO - Processing /home/mythili/becode/ImmoEliza_pipeline/airflow/dags/src/scrape_url.py took 13.711 seconds
[2023-11-06T10:58:21.757+0100] {processor.py:157} INFO - Started process (PID=89848) to work on /home/mythili/becode/ImmoEliza_pipeline/airflow/dags/src/scrape_url.py
[2023-11-06T10:58:21.860+0100] {processor.py:829} INFO - Processing file /home/mythili/becode/ImmoEliza_pipeline/airflow/dags/src/scrape_url.py for tasks to queue
[2023-11-06T10:58:21.861+0100] {logging_mixin.py:151} INFO - [2023-11-06T10:58:21.860+0100] {dagbag.py:539} INFO - Filling up the DagBag from /home/mythili/becode/ImmoEliza_pipeline/airflow/dags/src/scrape_url.py
[2023-11-06T10:58:24.967+0100] {logging_mixin.py:151} INFO - https://www.immoweb.be/en/search/apartment/for-sale?countries=BE&orderBy=newest&page=1
[2023-11-06T10:58:26.068+0100] {logging_mixin.py:151} INFO - list length:  30
[2023-11-06T10:58:28.071+0100] {logging_mixin.py:151} INFO - https://www.immoweb.be/en/search/apartment/for-sale?countries=BE&orderBy=newest&page=2
[2023-11-06T10:58:29.110+0100] {logging_mixin.py:151} INFO - list length:  60
[2023-11-06T10:58:31.113+0100] {logging_mixin.py:151} INFO - https://www.immoweb.be/en/search/house/for-sale?countries=BE&orderBy=newest&page=1
[2023-11-06T10:58:32.074+0100] {logging_mixin.py:151} INFO - list length:  90
[2023-11-06T10:58:35.078+0100] {logging_mixin.py:151} INFO - https://www.immoweb.be/en/search/house/for-sale?countries=BE&orderBy=newest&page=2
[2023-11-06T10:58:36.122+0100] {logging_mixin.py:151} INFO - list length:  120
[2023-11-06T10:58:36.129+0100] {logging_mixin.py:151} INFO - Time Taken: 14.165630s
[2023-11-06T10:58:36.130+0100] {processor.py:841} WARNING - No viable dags retrieved from /home/mythili/becode/ImmoEliza_pipeline/airflow/dags/src/scrape_url.py
[2023-11-06T10:58:36.137+0100] {processor.py:179} INFO - Processing /home/mythili/becode/ImmoEliza_pipeline/airflow/dags/src/scrape_url.py took 14.384 seconds
[2023-11-06T10:59:14.258+0100] {processor.py:157} INFO - Started process (PID=89947) to work on /home/mythili/becode/ImmoEliza_pipeline/airflow/dags/src/scrape_url.py
[2023-11-06T10:59:14.273+0100] {processor.py:829} INFO - Processing file /home/mythili/becode/ImmoEliza_pipeline/airflow/dags/src/scrape_url.py for tasks to queue
[2023-11-06T10:59:14.274+0100] {logging_mixin.py:151} INFO - [2023-11-06T10:59:14.273+0100] {dagbag.py:539} INFO - Filling up the DagBag from /home/mythili/becode/ImmoEliza_pipeline/airflow/dags/src/scrape_url.py
[2023-11-06T10:59:16.378+0100] {logging_mixin.py:151} INFO - https://www.immoweb.be/en/search/apartment/for-sale?countries=BE&orderBy=newest&page=1
[2023-11-06T10:59:17.217+0100] {logging_mixin.py:151} INFO - list length:  30
[2023-11-06T10:59:18.219+0100] {logging_mixin.py:151} INFO - https://www.immoweb.be/en/search/apartment/for-sale?countries=BE&orderBy=newest&page=2
[2023-11-06T10:59:19.252+0100] {logging_mixin.py:151} INFO - list length:  60
[2023-11-06T10:59:22.257+0100] {logging_mixin.py:151} INFO - https://www.immoweb.be/en/search/house/for-sale?countries=BE&orderBy=newest&page=1
[2023-11-06T10:59:23.191+0100] {logging_mixin.py:151} INFO - list length:  90
[2023-11-06T10:59:26.195+0100] {logging_mixin.py:151} INFO - https://www.immoweb.be/en/search/house/for-sale?countries=BE&orderBy=newest&page=2
[2023-11-06T10:59:26.968+0100] {logging_mixin.py:151} INFO - list length:  120
[2023-11-06T10:59:26.975+0100] {logging_mixin.py:151} INFO - Time Taken: 12.599032s
[2023-11-06T10:59:26.975+0100] {processor.py:841} WARNING - No viable dags retrieved from /home/mythili/becode/ImmoEliza_pipeline/airflow/dags/src/scrape_url.py
[2023-11-06T10:59:26.983+0100] {processor.py:179} INFO - Processing /home/mythili/becode/ImmoEliza_pipeline/airflow/dags/src/scrape_url.py took 12.728 seconds
[2023-11-06T11:00:08.647+0100] {processor.py:157} INFO - Started process (PID=90052) to work on /home/mythili/becode/ImmoEliza_pipeline/airflow/dags/src/scrape_url.py
[2023-11-06T11:00:08.751+0100] {processor.py:829} INFO - Processing file /home/mythili/becode/ImmoEliza_pipeline/airflow/dags/src/scrape_url.py for tasks to queue
[2023-11-06T11:00:08.753+0100] {logging_mixin.py:151} INFO - [2023-11-06T11:00:08.752+0100] {dagbag.py:539} INFO - Filling up the DagBag from /home/mythili/becode/ImmoEliza_pipeline/airflow/dags/src/scrape_url.py
[2023-11-06T11:00:11.861+0100] {logging_mixin.py:151} INFO - https://www.immoweb.be/en/search/apartment/for-sale?countries=BE&orderBy=newest&page=1
[2023-11-06T11:00:12.844+0100] {logging_mixin.py:151} INFO - list length:  30
[2023-11-06T11:00:13.846+0100] {logging_mixin.py:151} INFO - https://www.immoweb.be/en/search/apartment/for-sale?countries=BE&orderBy=newest&page=2
[2023-11-06T11:00:14.788+0100] {logging_mixin.py:151} INFO - list length:  60
[2023-11-06T11:00:17.791+0100] {logging_mixin.py:151} INFO - https://www.immoweb.be/en/search/house/for-sale?countries=BE&orderBy=newest&page=1
[2023-11-06T11:00:18.784+0100] {logging_mixin.py:151} INFO - list length:  90
[2023-11-06T11:00:21.788+0100] {logging_mixin.py:151} INFO - https://www.immoweb.be/en/search/house/for-sale?countries=BE&orderBy=newest&page=2
[2023-11-06T11:00:23.044+0100] {logging_mixin.py:151} INFO - list length:  120
[2023-11-06T11:00:23.053+0100] {logging_mixin.py:151} INFO - Time Taken: 14.195349s
[2023-11-06T11:00:23.054+0100] {processor.py:841} WARNING - No viable dags retrieved from /home/mythili/becode/ImmoEliza_pipeline/airflow/dags/src/scrape_url.py
[2023-11-06T11:00:23.063+0100] {processor.py:179} INFO - Processing /home/mythili/becode/ImmoEliza_pipeline/airflow/dags/src/scrape_url.py took 14.419 seconds
[2023-11-06T11:01:06.276+0100] {processor.py:157} INFO - Started process (PID=90178) to work on /home/mythili/becode/ImmoEliza_pipeline/airflow/dags/src/scrape_url.py
[2023-11-06T11:01:06.302+0100] {processor.py:829} INFO - Processing file /home/mythili/becode/ImmoEliza_pipeline/airflow/dags/src/scrape_url.py for tasks to queue
[2023-11-06T11:01:06.304+0100] {logging_mixin.py:151} INFO - [2023-11-06T11:01:06.303+0100] {dagbag.py:539} INFO - Filling up the DagBag from /home/mythili/becode/ImmoEliza_pipeline/airflow/dags/src/scrape_url.py
[2023-11-06T11:01:07.583+0100] {logging_mixin.py:151} INFO - https://www.immoweb.be/en/search/apartment/for-sale?countries=BE&orderBy=newest&page=1
[2023-11-06T11:01:08.610+0100] {logging_mixin.py:151} INFO - list length:  30
[2023-11-06T11:01:09.612+0100] {logging_mixin.py:151} INFO - https://www.immoweb.be/en/search/apartment/for-sale?countries=BE&orderBy=newest&page=2
[2023-11-06T11:01:10.596+0100] {logging_mixin.py:151} INFO - list length:  60
[2023-11-06T11:01:13.600+0100] {logging_mixin.py:151} INFO - https://www.immoweb.be/en/search/house/for-sale?countries=BE&orderBy=newest&page=1
[2023-11-06T11:01:14.789+0100] {logging_mixin.py:151} INFO - list length:  90
[2023-11-06T11:01:15.791+0100] {logging_mixin.py:151} INFO - https://www.immoweb.be/en/search/house/for-sale?countries=BE&orderBy=newest&page=2
[2023-11-06T11:01:16.684+0100] {logging_mixin.py:151} INFO - list length:  120
[2023-11-06T11:01:16.689+0100] {logging_mixin.py:151} INFO - Time Taken: 10.108087s
[2023-11-06T11:01:16.690+0100] {processor.py:841} WARNING - No viable dags retrieved from /home/mythili/becode/ImmoEliza_pipeline/airflow/dags/src/scrape_url.py
[2023-11-06T11:01:16.699+0100] {processor.py:179} INFO - Processing /home/mythili/becode/ImmoEliza_pipeline/airflow/dags/src/scrape_url.py took 10.426 seconds
[2023-11-06T11:01:59.859+0100] {processor.py:157} INFO - Started process (PID=90352) to work on /home/mythili/becode/ImmoEliza_pipeline/airflow/dags/src/scrape_url.py
[2023-11-06T11:01:59.954+0100] {processor.py:829} INFO - Processing file /home/mythili/becode/ImmoEliza_pipeline/airflow/dags/src/scrape_url.py for tasks to queue
[2023-11-06T11:01:59.955+0100] {logging_mixin.py:151} INFO - [2023-11-06T11:01:59.955+0100] {dagbag.py:539} INFO - Filling up the DagBag from /home/mythili/becode/ImmoEliza_pipeline/airflow/dags/src/scrape_url.py
[2023-11-06T11:02:03.088+0100] {logging_mixin.py:151} INFO - https://www.immoweb.be/en/search/apartment/for-sale?countries=BE&orderBy=newest&page=1
[2023-11-06T11:02:04.234+0100] {logging_mixin.py:151} INFO - list length:  30
[2023-11-06T11:02:05.235+0100] {logging_mixin.py:151} INFO - https://www.immoweb.be/en/search/apartment/for-sale?countries=BE&orderBy=newest&page=2
[2023-11-06T11:02:06.304+0100] {logging_mixin.py:151} INFO - list length:  60
[2023-11-06T11:02:07.306+0100] {logging_mixin.py:151} INFO - https://www.immoweb.be/en/search/house/for-sale?countries=BE&orderBy=newest&page=1
[2023-11-06T11:02:08.296+0100] {logging_mixin.py:151} INFO - list length:  90
[2023-11-06T11:02:09.298+0100] {logging_mixin.py:151} INFO - https://www.immoweb.be/en/search/house/for-sale?countries=BE&orderBy=newest&page=2
[2023-11-06T11:02:10.220+0100] {logging_mixin.py:151} INFO - list length:  120
[2023-11-06T11:02:10.228+0100] {logging_mixin.py:151} INFO - Time Taken: 10.143015s
[2023-11-06T11:02:10.228+0100] {processor.py:841} WARNING - No viable dags retrieved from /home/mythili/becode/ImmoEliza_pipeline/airflow/dags/src/scrape_url.py
[2023-11-06T11:02:10.236+0100] {processor.py:179} INFO - Processing /home/mythili/becode/ImmoEliza_pipeline/airflow/dags/src/scrape_url.py took 10.380 seconds
[2023-11-06T11:02:49.751+0100] {processor.py:157} INFO - Started process (PID=90537) to work on /home/mythili/becode/ImmoEliza_pipeline/airflow/dags/src/scrape_url.py
[2023-11-06T11:02:49.817+0100] {processor.py:829} INFO - Processing file /home/mythili/becode/ImmoEliza_pipeline/airflow/dags/src/scrape_url.py for tasks to queue
[2023-11-06T11:02:49.819+0100] {logging_mixin.py:151} INFO - [2023-11-06T11:02:49.818+0100] {dagbag.py:539} INFO - Filling up the DagBag from /home/mythili/becode/ImmoEliza_pipeline/airflow/dags/src/scrape_url.py
[2023-11-06T11:02:51.913+0100] {logging_mixin.py:151} INFO - https://www.immoweb.be/en/search/apartment/for-sale?countries=BE&orderBy=newest&page=1
[2023-11-06T11:02:53.291+0100] {logging_mixin.py:151} INFO - list length:  30
[2023-11-06T11:02:54.293+0100] {logging_mixin.py:151} INFO - https://www.immoweb.be/en/search/apartment/for-sale?countries=BE&orderBy=newest&page=2
[2023-11-06T11:02:55.079+0100] {logging_mixin.py:151} INFO - list length:  60
[2023-11-06T11:02:58.083+0100] {logging_mixin.py:151} INFO - https://www.immoweb.be/en/search/house/for-sale?countries=BE&orderBy=newest&page=1
[2023-11-06T11:02:59.157+0100] {logging_mixin.py:151} INFO - list length:  90
[2023-11-06T11:03:00.159+0100] {logging_mixin.py:151} INFO - https://www.immoweb.be/en/search/house/for-sale?countries=BE&orderBy=newest&page=2
[2023-11-06T11:03:01.050+0100] {logging_mixin.py:151} INFO - list length:  120
[2023-11-06T11:03:01.058+0100] {logging_mixin.py:151} INFO - Time Taken: 11.146663s
[2023-11-06T11:03:01.058+0100] {processor.py:841} WARNING - No viable dags retrieved from /home/mythili/becode/ImmoEliza_pipeline/airflow/dags/src/scrape_url.py
[2023-11-06T11:03:01.074+0100] {processor.py:179} INFO - Processing /home/mythili/becode/ImmoEliza_pipeline/airflow/dags/src/scrape_url.py took 11.325 seconds
