[2023-11-06T10:30:49.602+0100] {taskinstance.py:1157} INFO - Dependencies all met for dep_context=non-requeueable deps ti=<TaskInstance: cleaning_and_training_model1.clean_data scheduled__2023-09-22T00:00:00+00:00 [queued]>
[2023-11-06T10:30:49.610+0100] {taskinstance.py:1157} INFO - Dependencies all met for dep_context=requeueable deps ti=<TaskInstance: cleaning_and_training_model1.clean_data scheduled__2023-09-22T00:00:00+00:00 [queued]>
[2023-11-06T10:30:49.611+0100] {taskinstance.py:1359} INFO - Starting attempt 1 of 4
[2023-11-06T10:30:49.733+0100] {taskinstance.py:1380} INFO - Executing <Task(PythonOperator): clean_data> on 2023-09-22 00:00:00+00:00
[2023-11-06T10:30:49.740+0100] {standard_task_runner.py:57} INFO - Started process 71404 to run task
[2023-11-06T10:30:49.748+0100] {standard_task_runner.py:84} INFO - Running: ['airflow', 'tasks', 'run', 'cleaning_and_training_model1', 'clean_data', 'scheduled__2023-09-22T00:00:00+00:00', '--job-id', '19', '--raw', '--subdir', 'DAGS_FOLDER/main.py', '--cfg-path', '/tmp/tmpl58t54cu']
[2023-11-06T10:30:49.750+0100] {standard_task_runner.py:85} INFO - Job 19: Subtask clean_data
[2023-11-06T10:30:49.925+0100] {task_command.py:415} INFO - Running <TaskInstance: cleaning_and_training_model1.clean_data scheduled__2023-09-22T00:00:00+00:00 [running]> on host DESKTOP-OEHM1R6.
[2023-11-06T10:30:50.330+0100] {taskinstance.py:1660} INFO - Exporting env vars: AIRFLOW_CTX_DAG_OWNER='mythili' AIRFLOW_CTX_DAG_ID='cleaning_and_training_model1' AIRFLOW_CTX_TASK_ID='clean_data' AIRFLOW_CTX_EXECUTION_DATE='2023-09-22T00:00:00+00:00' AIRFLOW_CTX_TRY_NUMBER='1' AIRFLOW_CTX_DAG_RUN_ID='scheduled__2023-09-22T00:00:00+00:00'
[2023-11-06T10:30:50.387+0100] {python.py:194} INFO - Done. Returned value was:      type_of_property     price bedrooms energy_class  ... bathrooms toilets        kitchen_type heating_type
0           apartment  280000.0        2           NS  ...         1       1           Installed     Electric
2           apartment  300000.0        2            C  ...         1       1      Hyper equipped            0
3           apartment  425000.0        2            G  ...         1       1  USA hyper equipped          Gas
5           apartment  285000.0        2            B  ...         1       1           Installed          Gas
6           apartment  298760.0        2           NS  ...         1       0                   0            0
...               ...       ...      ...          ...  ...       ...     ...                 ...          ...
5241        apartment  512000.0        4           NS  ...         2       2  USA hyper equipped          Gas
5246            house  349500.0        3            B  ...         1       3  USA hyper equipped            0
5247            house  225000.0        3            F  ...         1       1                   0     Fuel oil
5248            house  479000.0        4            B  ...         1       3      Hyper equipped          Gas
5249            house   56000.0        2            G  ...         1       1                   0            0

[75 rows x 12 columns]
[2023-11-06T10:30:50.527+0100] {taskinstance.py:1398} INFO - Marking task as SUCCESS. dag_id=cleaning_and_training_model1, task_id=clean_data, execution_date=20230922T000000, start_date=20231106T093049, end_date=20231106T093050
[2023-11-06T10:30:50.685+0100] {local_task_job_runner.py:228} INFO - Task exited with return code 0
[2023-11-06T10:30:50.701+0100] {taskinstance.py:2776} INFO - 1 downstream tasks scheduled from follow-on schedule check
